-- The C compiler identification is GNU 11.3.0
-- The CXX compiler identification is GNU 11.3.0
-- Detecting C compiler ABI info
-- Detecting C compiler ABI info - done
-- Check for working C compiler: /usr/lib/ccache/gcc - skipped
-- Detecting C compile features
-- Detecting C compile features - done
-- Detecting CXX compiler ABI info
-- Detecting CXX compiler ABI info - done
-- Check for working CXX compiler: /usr/lib/ccache/g++ - skipped
-- Detecting CXX compile features
-- Detecting CXX compile features - done
-- Found ament_cmake: 1.3.4 (/opt/ros/humble/share/ament_cmake/cmake)
-- Found Python3: /usr/bin/python3.10 (found version "3.10.6") found components: Interpreter 
-- Found ament_lint_auto: 0.12.6 (/opt/ros/humble/share/ament_lint_auto/cmake)
-- Added test 'xmllint' to check XML markup files
-- Configuring done
-- Generating done
-- Build files have been written to: /home/ouxt/ouxt_automation/robotx_ws/src/testing/srt_bridge/build/srt_vendor
[ 12%] [34m[1mCreating directories for 'srt_vendor'[0m
[ 25%] [34m[1mPerforming download step (git clone) for 'srt_vendor'[0m
[ 37%] [34m[1mPerforming update step for 'srt_vendor'[0m
[ 50%] [34m[1mNo patch step for 'srt_vendor'[0m
[ 62%] [34m[1mPerforming configure step for 'srt_vendor'[0m
-- The C compiler identification is GNU 11.3.0
-- The CXX compiler identification is GNU 11.3.0
-- Detecting C compiler ABI info
-- Detecting C compiler ABI info - done
-- Check for working C compiler: /usr/lib/ccache/gcc - skipped
-- Detecting C compile features
-- Detecting C compile features - done
-- Detecting CXX compiler ABI info
-- Detecting CXX compiler ABI info - done
-- Check for working CXX compiler: /usr/lib/ccache/g++ - skipped
-- Detecting CXX compile features
-- Detecting CXX compile features - done
-- Found PkgConfig: /usr/bin/pkg-config (found version "0.29.2") 
-- Looking for pthread.h
-- Looking for pthread.h - found
-- Performing Test CMAKE_HAVE_LIBC_PTHREAD
-- Performing Test CMAKE_HAVE_LIBC_PTHREAD - Success
-- Found Threads: TRUE  
-- BUILD TYPE: Release
-- Performing Test HAVE_CLOCK_GETTIME_IN
-- Performing Test HAVE_CLOCK_GETTIME_IN - Success
-- CLOCK_MONOTONIC: available, no extra libs needed
-- LOGGING: ENABLED
-- USE_BUSY_WAITING: OFF (default)
-- No WITH_COMPILER_PREFIX - using C++ compiler /usr/lib/ccache/g++
-- Looking for inet_pton
-- Looking for inet_pton - found
-- Checking for pthread_(g/s)etname_np in 'pthread_np.h':
-- Looking for pthread_getname_np
-- Looking for pthread_getname_np - not found
-- Looking for pthread_setname_np
-- Looking for pthread_setname_np - not found
-- Checking for pthread_(g/s)etname_np in 'pthread.h':
-- Looking for pthread_getname_np
-- Looking for pthread_getname_np - found
-- Looking for pthread_setname_np
-- Looking for pthread_setname_np - found
-- Checking for module 'openssl libcrypto'
--   Found openssl libcrypto, version 3.0.2;3.0.2
-- SSL via pkg-config: -L /usr/lib/x86_64-linux-gnu -I  -l;ssl;crypto
-- ENCRYPTION: ENABLED, using: openssl libcrypto
-- SSL libraries: ssl;crypto
-- ENCRYPTION AEAD API: DISABLED
-- COMPILER: GNU (/usr/lib/ccache/g++) - GNU compat
-- NOTE: GNU 11.3.0 - assuming default C++11.
-- Looking for __atomic_fetch_add_8 in atomic
-- Looking for __atomic_fetch_add_8 in atomic - found
-- Performing Test HAVE_LIBATOMIC_COMPILES
-- Performing Test HAVE_LIBATOMIC_COMPILES - Success
-- Performing Test HAVE_LIBATOMIC_COMPILES_STATIC
-- Performing Test HAVE_LIBATOMIC_COMPILES_STATIC - Success
-- Performing Test HAVE_GCCATOMIC_INTRINSICS
-- Performing Test HAVE_GCCATOMIC_INTRINSICS - Success
-- Performing Test HAVE_CXX_ATOMIC
-- Performing Test HAVE_CXX_ATOMIC - Success
-- Performing Test HAVE_CXX_ATOMIC_STATIC
-- Performing Test HAVE_CXX_ATOMIC_STATIC - Success
-- Checking for C++ 'std::put_time()':
-- Performing Test HAVE_CXX_STD_PUT_TIME
-- Performing Test HAVE_CXX_STD_PUT_TIME - Success
-- STDCXX_SYNC: OFF
-- MONOTONIC_CLOCK: ON
-- DETECTED SYSTEM: LINUX;  LINUX=1
-- ENABLE_BONDING: OFF
-- APP: srt_virtual: using default C++ standard
-- ADDING TRANSITIVE LINK DEP to:srt_shared :  
-- ADDING TRANSITIVE LINK DEP to:srt_static :  
-- INSTALL DIRS: bin=bin lib=lib shlib=lib include=include
-- APPS: ENABLED, std=
-- APP: srtsupport_virtual: using default C++ standard
-- APP: srt-live-transmit: using default C++ standard
-- APP: srt-file-transmit: using default C++ standard
-- APP: srt-tunnel: using default C++ standard
-- DEVEL APPS (testing): DISABLED
-- Configuring done
-- Generating done
-- Build files have been written to: /home/ouxt/ouxt_automation/robotx_ws/src/testing/srt_bridge/build/srt_vendor/srt_vendor-prefix/src/srt_vendor-build
[ 75%] [34m[1mPerforming build step for 'srt_vendor'[0m
[  3%] [32mBuilding CXX object CMakeFiles/srt_virtual.dir/srtcore/api.cpp.o[0m
[  5%] [32mBuilding CXX object CMakeFiles/srtsupport_virtual.dir/apps/apputil.cpp.o[0m
[  5%] [32mBuilding CXX object CMakeFiles/srtsupport_virtual.dir/apps/logsupport.cpp.o[0m
[  7%] [32mBuilding CXX object CMakeFiles/srtsupport_virtual.dir/apps/statswriter.cpp.o[0m
[  8%] [32mBuilding CXX object CMakeFiles/srt_virtual.dir/srtcore/buffer_snd.cpp.o[0m
[ 10%] [32mBuilding CXX object CMakeFiles/srt_virtual.dir/srtcore/buffer_rcv.cpp.o[0m
[ 12%] [32mBuilding CXX object CMakeFiles/srtsupport_virtual.dir/apps/logsupport_appdefs.cpp.o[0m
[ 14%] [32mBuilding CXX object CMakeFiles/srtsupport_virtual.dir/apps/socketoptions.cpp.o[0m
[ 16%] [32mBuilding CXX object CMakeFiles/srt_virtual.dir/srtcore/buffer_tools.cpp.o[0m
[ 17%] [32mBuilding CXX object CMakeFiles/srt_virtual.dir/srtcore/cache.cpp.o[0m
[ 19%] [32mBuilding CXX object CMakeFiles/srtsupport_virtual.dir/apps/transmitmedia.cpp.o[0m
[ 21%] [32mBuilding CXX object CMakeFiles/srtsupport_virtual.dir/apps/uriparser.cpp.o[0m
[ 23%] [32mBuilding CXX object CMakeFiles/srtsupport_virtual.dir/apps/verbose.cpp.o[0m
[ 25%] [32mBuilding CXX object CMakeFiles/srt_virtual.dir/srtcore/channel.cpp.o[0m
[ 26%] [32mBuilding CXX object CMakeFiles/srt_virtual.dir/srtcore/common.cpp.o[0m
[ 28%] [32mBuilding CXX object CMakeFiles/srt_virtual.dir/srtcore/core.cpp.o[0m
[ 30%] [32mBuilding CXX object CMakeFiles/srt_virtual.dir/srtcore/crypto.cpp.o[0m
[ 32%] [32mBuilding CXX object CMakeFiles/srt_virtual.dir/srtcore/epoll.cpp.o[0m
[ 32%] Built target srtsupport_virtual
[ 33%] [32mBuilding CXX object CMakeFiles/srt_virtual.dir/srtcore/fec.cpp.o[0m
[ 35%] [32mBuilding CXX object CMakeFiles/srt_virtual.dir/srtcore/handshake.cpp.o[0m
[ 37%] [32mBuilding CXX object CMakeFiles/srt_virtual.dir/srtcore/list.cpp.o[0m
[ 39%] [32mBuilding CXX object CMakeFiles/srt_virtual.dir/srtcore/logger_default.cpp.o[0m
[ 41%] [32mBuilding CXX object CMakeFiles/srt_virtual.dir/srtcore/logger_defs.cpp.o[0m
[ 42%] [32mBuilding CXX object CMakeFiles/srt_virtual.dir/srtcore/md5.cpp.o[0m
[ 44%] [32mBuilding CXX object CMakeFiles/srt_virtual.dir/srtcore/packet.cpp.o[0m
[ 46%] [32mBuilding CXX object CMakeFiles/srt_virtual.dir/srtcore/packetfilter.cpp.o[0m
[ 48%] [32mBuilding CXX object CMakeFiles/srt_virtual.dir/srtcore/queue.cpp.o[0m
[ 50%] [32mBuilding CXX object CMakeFiles/srt_virtual.dir/srtcore/congctl.cpp.o[0m
[ 51%] [32mBuilding CXX object CMakeFiles/srt_virtual.dir/srtcore/socketconfig.cpp.o[0m
[ 53%] [32mBuilding CXX object CMakeFiles/srt_virtual.dir/srtcore/srt_c_api.cpp.o[0m
[ 55%] [32mBuilding C object CMakeFiles/srt_virtual.dir/srtcore/srt_compat.c.o[0m
[ 57%] [32mBuilding CXX object CMakeFiles/srt_virtual.dir/srtcore/strerror_defs.cpp.o[0m
[ 58%] [32mBuilding CXX object CMakeFiles/srt_virtual.dir/srtcore/sync.cpp.o[0m
[ 60%] [32mBuilding CXX object CMakeFiles/srt_virtual.dir/srtcore/tsbpd_time.cpp.o[0m
[ 62%] [32mBuilding CXX object CMakeFiles/srt_virtual.dir/srtcore/window.cpp.o[0m
[ 64%] [32mBuilding CXX object CMakeFiles/srt_virtual.dir/srtcore/sync_posix.cpp.o[0m
[ 66%] [32mBuilding C object CMakeFiles/srt_virtual.dir/haicrypt/cryspr.c.o[0m
[ 67%] [32mBuilding C object CMakeFiles/srt_virtual.dir/haicrypt/cryspr-openssl.c.o[0m
[ 69%] [32mBuilding C object CMakeFiles/srt_virtual.dir/haicrypt/hcrypt.c.o[0m
[ 71%] [32mBuilding C object CMakeFiles/srt_virtual.dir/haicrypt/hcrypt_ctx_rx.c.o[0m
[ 73%] [32mBuilding C object CMakeFiles/srt_virtual.dir/haicrypt/hcrypt_ctx_tx.c.o[0m
[ 75%] [32mBuilding C object CMakeFiles/srt_virtual.dir/haicrypt/hcrypt_rx.c.o[0m
[ 76%] [32mBuilding C object CMakeFiles/srt_virtual.dir/haicrypt/hcrypt_sa.c.o[0m
[ 78%] [32mBuilding C object CMakeFiles/srt_virtual.dir/haicrypt/hcrypt_tx.c.o[0m
[ 80%] [32mBuilding C object CMakeFiles/srt_virtual.dir/haicrypt/hcrypt_xpt_srt.c.o[0m
[ 82%] [32mBuilding CXX object CMakeFiles/srt_virtual.dir/haicrypt/haicrypt_log.cpp.o[0m
[ 82%] Built target srt_virtual
[ 85%] [32mBuilding C object CMakeFiles/srt_shared.dir/cmake_object_lib_support.c.o[0m
[ 85%] [32mBuilding C object CMakeFiles/srt_static.dir/cmake_object_lib_support.c.o[0m
[ 87%] [32m[1mLinking CXX shared library libsrt.so[0m
[ 89%] [32m[1mLinking CXX static library libsrt.a[0m
[ 89%] Built target srt_static
[ 91%] [32mBuilding CXX object CMakeFiles/srt-file-transmit.dir/apps/srt-file-transmit.cpp.o[0m
[ 92%] [32mBuilding CXX object CMakeFiles/srt-live-transmit.dir/apps/srt-live-transmit.cpp.o[0m
[ 94%] [32mBuilding CXX object CMakeFiles/srt-tunnel.dir/apps/srt-tunnel.cpp.o[0m
[ 94%] Built target srt_shared
[ 96%] [32m[1mLinking CXX executable srt-live-transmit[0m
[ 96%] Built target srt-live-transmit
[ 98%] [32m[1mLinking CXX executable srt-file-transmit[0m
[ 98%] Built target srt-file-transmit
[100%] [32m[1mLinking CXX executable srt-tunnel[0m
[100%] Built target srt-tunnel
[ 87%] [34m[1mPerforming install step for 'srt_vendor'[0m
[35m[1mConsolidate compiler generated dependencies of target srtsupport_virtual[0m
[35m[1mConsolidate compiler generated dependencies of target srt_virtual[0m
[ 14%] Built target srtsupport_virtual
[ 82%] Built target srt_virtual
[35m[1mConsolidate compiler generated dependencies of target srt_static[0m
[35m[1mConsolidate compiler generated dependencies of target srt_shared[0m
[ 89%] Built target srt_static
[ 89%] Built target srt_shared
[35m[1mConsolidate compiler generated dependencies of target srt-live-transmit[0m
[35m[1mConsolidate compiler generated dependencies of target srt-tunnel[0m
[35m[1mConsolidate compiler generated dependencies of target srt-file-transmit[0m
[ 92%] Built target srt-live-transmit
[ 96%] Built target srt-file-transmit
[100%] Built target srt-tunnel
[36mInstall the project...[0m
-- Install configuration: "Release"
-- Installing: /home/ouxt/ouxt_automation/robotx_ws/src/testing/srt_bridge/build/srt_vendor/srt_vendor_install/lib/libsrt.so.1.5.2
-- Installing: /home/ouxt/ouxt_automation/robotx_ws/src/testing/srt_bridge/build/srt_vendor/srt_vendor_install/lib/libsrt.so.1.5
-- Installing: /home/ouxt/ouxt_automation/robotx_ws/src/testing/srt_bridge/build/srt_vendor/srt_vendor_install/lib/libsrt.so
-- Installing: /home/ouxt/ouxt_automation/robotx_ws/src/testing/srt_bridge/build/srt_vendor/srt_vendor_install/lib/libsrt.a
-- Installing: /home/ouxt/ouxt_automation/robotx_ws/src/testing/srt_bridge/build/srt_vendor/srt_vendor_install/include/srt/version.h
-- Installing: /home/ouxt/ouxt_automation/robotx_ws/src/testing/srt_bridge/build/srt_vendor/srt_vendor_install/include/srt/srt.h
-- Installing: /home/ouxt/ouxt_automation/robotx_ws/src/testing/srt_bridge/build/srt_vendor/srt_vendor_install/include/srt/logging_api.h
-- Installing: /home/ouxt/ouxt_automation/robotx_ws/src/testing/srt_bridge/build/srt_vendor/srt_vendor_install/include/srt/access_control.h
-- Installing: /home/ouxt/ouxt_automation/robotx_ws/src/testing/srt_bridge/build/srt_vendor/srt_vendor_install/include/srt/platform_sys.h
-- Installing: /home/ouxt/ouxt_automation/robotx_ws/src/testing/srt_bridge/build/srt_vendor/srt_vendor_install/include/srt/udt.h
-- Installing: /home/ouxt/ouxt_automation/robotx_ws/src/testing/srt_bridge/build/srt_vendor/srt_vendor_install/lib/pkgconfig/haisrt.pc
-- Installing: /home/ouxt/ouxt_automation/robotx_ws/src/testing/srt_bridge/build/srt_vendor/srt_vendor_install/lib/pkgconfig/srt.pc
-- Installing: /home/ouxt/ouxt_automation/robotx_ws/src/testing/srt_bridge/build/srt_vendor/srt_vendor_install/bin/srt-live-transmit
-- Up-to-date: /home/ouxt/ouxt_automation/robotx_ws/src/testing/srt_bridge/build/srt_vendor/srt_vendor_install/bin/srt-live-transmit
-- Installing: /home/ouxt/ouxt_automation/robotx_ws/src/testing/srt_bridge/build/srt_vendor/srt_vendor_install/bin/srt-file-transmit
-- Up-to-date: /home/ouxt/ouxt_automation/robotx_ws/src/testing/srt_bridge/build/srt_vendor/srt_vendor_install/bin/srt-file-transmit
-- Installing: /home/ouxt/ouxt_automation/robotx_ws/src/testing/srt_bridge/build/srt_vendor/srt_vendor_install/bin/srt-tunnel
-- Up-to-date: /home/ouxt/ouxt_automation/robotx_ws/src/testing/srt_bridge/build/srt_vendor/srt_vendor_install/bin/srt-tunnel
-- Installing: /home/ouxt/ouxt_automation/robotx_ws/src/testing/srt_bridge/build/srt_vendor/srt_vendor_install/bin/srt-ffplay
[100%] [34m[1mCompleted 'srt_vendor'[0m
[100%] Built target srt_vendor
-- Install configuration: ""
-- Installing: /home/ouxt/ouxt_automation/robotx_ws/src/testing/srt_bridge/install/srt_vendor
-- Installing: /home/ouxt/ouxt_automation/robotx_ws/src/testing/srt_bridge/install/srt_vendor/lib
-- Installing: /home/ouxt/ouxt_automation/robotx_ws/src/testing/srt_bridge/install/srt_vendor/lib/libsrt.so
-- Installing: /home/ouxt/ouxt_automation/robotx_ws/src/testing/srt_bridge/install/srt_vendor/lib/libsrt.so.1.5
-- Installing: /home/ouxt/ouxt_automation/robotx_ws/src/testing/srt_bridge/install/srt_vendor/lib/libsrt.so.1.5.2
-- Installing: /home/ouxt/ouxt_automation/robotx_ws/src/testing/srt_bridge/install/srt_vendor/lib/pkgconfig
-- Installing: /home/ouxt/ouxt_automation/robotx_ws/src/testing/srt_bridge/install/srt_vendor/lib/pkgconfig/srt.pc
-- Installing: /home/ouxt/ouxt_automation/robotx_ws/src/testing/srt_bridge/install/srt_vendor/lib/pkgconfig/haisrt.pc
-- Installing: /home/ouxt/ouxt_automation/robotx_ws/src/testing/srt_bridge/install/srt_vendor/lib/libsrt.a
-- Installing: /home/ouxt/ouxt_automation/robotx_ws/src/testing/srt_bridge/install/srt_vendor/include
-- Installing: /home/ouxt/ouxt_automation/robotx_ws/src/testing/srt_bridge/install/srt_vendor/include/srt
-- Installing: /home/ouxt/ouxt_automation/robotx_ws/src/testing/srt_bridge/install/srt_vendor/include/srt/version.h
-- Installing: /home/ouxt/ouxt_automation/robotx_ws/src/testing/srt_bridge/install/srt_vendor/include/srt/logging_api.h
-- Installing: /home/ouxt/ouxt_automation/robotx_ws/src/testing/srt_bridge/install/srt_vendor/include/srt/udt.h
-- Installing: /home/ouxt/ouxt_automation/robotx_ws/src/testing/srt_bridge/install/srt_vendor/include/srt/access_control.h
-- Installing: /home/ouxt/ouxt_automation/robotx_ws/src/testing/srt_bridge/install/srt_vendor/include/srt/srt.h
-- Installing: /home/ouxt/ouxt_automation/robotx_ws/src/testing/srt_bridge/install/srt_vendor/include/srt/platform_sys.h
-- Installing: /home/ouxt/ouxt_automation/robotx_ws/src/testing/srt_bridge/install/srt_vendor/bin
-- Installing: /home/ouxt/ouxt_automation/robotx_ws/src/testing/srt_bridge/install/srt_vendor/bin/srt-ffplay
-- Installing: /home/ouxt/ouxt_automation/robotx_ws/src/testing/srt_bridge/install/srt_vendor/bin/srt-file-transmit
-- Installing: /home/ouxt/ouxt_automation/robotx_ws/src/testing/srt_bridge/install/srt_vendor/bin/srt-tunnel
-- Installing: /home/ouxt/ouxt_automation/robotx_ws/src/testing/srt_bridge/install/srt_vendor/bin/srt-live-transmit
-- Installing: /home/ouxt/ouxt_automation/robotx_ws/src/testing/srt_bridge/install/srt_vendor/share/ament_index/resource_index/package_run_dependencies/srt_vendor
-- Installing: /home/ouxt/ouxt_automation/robotx_ws/src/testing/srt_bridge/install/srt_vendor/share/ament_index/resource_index/parent_prefix_path/srt_vendor
-- Installing: /home/ouxt/ouxt_automation/robotx_ws/src/testing/srt_bridge/install/srt_vendor/share/srt_vendor/environment/ament_prefix_path.sh
-- Installing: /home/ouxt/ouxt_automation/robotx_ws/src/testing/srt_bridge/install/srt_vendor/share/srt_vendor/environment/ament_prefix_path.dsv
-- Installing: /home/ouxt/ouxt_automation/robotx_ws/src/testing/srt_bridge/install/srt_vendor/share/srt_vendor/environment/path.sh
-- Installing: /home/ouxt/ouxt_automation/robotx_ws/src/testing/srt_bridge/install/srt_vendor/share/srt_vendor/environment/path.dsv
-- Installing: /home/ouxt/ouxt_automation/robotx_ws/src/testing/srt_bridge/install/srt_vendor/share/srt_vendor/local_setup.bash
-- Installing: /home/ouxt/ouxt_automation/robotx_ws/src/testing/srt_bridge/install/srt_vendor/share/srt_vendor/local_setup.sh
-- Installing: /home/ouxt/ouxt_automation/robotx_ws/src/testing/srt_bridge/install/srt_vendor/share/srt_vendor/local_setup.zsh
-- Installing: /home/ouxt/ouxt_automation/robotx_ws/src/testing/srt_bridge/install/srt_vendor/share/srt_vendor/local_setup.dsv
-- Installing: /home/ouxt/ouxt_automation/robotx_ws/src/testing/srt_bridge/install/srt_vendor/share/srt_vendor/package.dsv
-- Installing: /home/ouxt/ouxt_automation/robotx_ws/src/testing/srt_bridge/install/srt_vendor/share/ament_index/resource_index/packages/srt_vendor
-- Installing: /home/ouxt/ouxt_automation/robotx_ws/src/testing/srt_bridge/install/srt_vendor/share/srt_vendor/cmake/ament_cmake_export_include_directories-extras.cmake
-- Installing: /home/ouxt/ouxt_automation/robotx_ws/src/testing/srt_bridge/install/srt_vendor/share/srt_vendor/cmake/srt_vendorConfig.cmake
-- Installing: /home/ouxt/ouxt_automation/robotx_ws/src/testing/srt_bridge/install/srt_vendor/share/srt_vendor/cmake/srt_vendorConfig-version.cmake
-- Installing: /home/ouxt/ouxt_automation/robotx_ws/src/testing/srt_bridge/install/srt_vendor/share/srt_vendor/package.xml
