[ 12%] [34m[1mPerforming update step for 'srt_vendor'[0m
[ 25%] [34m[1mNo patch step for 'srt_vendor'[0m
[ 37%] [34m[1mPerforming configure step for 'srt_vendor'[0m
-- BUILD TYPE: Release
-- CLOCK_MONOTONIC: available, no extra libs needed
-- LOGGING: ENABLED
-- USE_BUSY_WAITING: OFF (default)
-- No WITH_COMPILER_PREFIX - using C++ compiler /usr/lib/ccache/g++
-- Checking for pthread_(g/s)etname_np in 'pthread_np.h':
-- Looking for pthread_getname_np
-- Looking for pthread_getname_np - not found
-- Looking for pthread_setname_np
-- Looking for pthread_setname_np - not found
-- Checking for pthread_(g/s)etname_np in 'pthread.h':
-- Looking for pthread_getname_np
-- Looking for pthread_getname_np - found
-- Looking for pthread_setname_np
-- Looking for pthread_setname_np - found
-- SSL via pkg-config: -L /usr/lib/x86_64-linux-gnu -I  -l;ssl;crypto
-- ENCRYPTION: ENABLED, using: openssl libcrypto
-- SSL libraries: ssl;crypto
-- ENCRYPTION AEAD API: DISABLED
-- COMPILER: GNU (/usr/lib/ccache/g++) - GNU compat
-- NOTE: GNU 11.3.0 - assuming default C++11.
-- Looking for __atomic_fetch_add_8 in atomic
-- Looking for __atomic_fetch_add_8 in atomic - found
-- Performing Test HAVE_LIBATOMIC_COMPILES
-- Performing Test HAVE_LIBATOMIC_COMPILES - Success
-- Performing Test HAVE_LIBATOMIC_COMPILES_STATIC
-- Performing Test HAVE_LIBATOMIC_COMPILES_STATIC - Success
-- Performing Test HAVE_GCCATOMIC_INTRINSICS
-- Performing Test HAVE_GCCATOMIC_INTRINSICS - Success
-- Performing Test HAVE_CXX_ATOMIC
-- Performing Test HAVE_CXX_ATOMIC - Success
-- Performing Test HAVE_CXX_ATOMIC_STATIC
-- Performing Test HAVE_CXX_ATOMIC_STATIC - Success
-- Checking for C++ 'std::put_time()':
-- Performing Test HAVE_CXX_STD_PUT_TIME
-- Performing Test HAVE_CXX_STD_PUT_TIME - Success
[33mCMake Warning (dev) at CMakeLists.txt:645 (if):
  Policy CMP0054 is not set: Only interpret if() arguments as variables or
  keywords when unquoted.  Run "cmake --help-policy CMP0054" for policy
  details.  Use the cmake_policy command to set the policy and suppress this
  warning.

  Quoted variables like "GNU" will no longer be dereferenced when the policy
  is set to NEW.  Since the policy is not set the OLD behavior will be used.
This warning is for project developers.  Use -Wno-dev to suppress it.
[0m
-- STDCXX_SYNC: OFF
-- MONOTONIC_CLOCK: ON
-- DETECTED SYSTEM: LINUX;  LINUX=1
-- ENABLE_BONDING: OFF
-- APP: srt_virtual: using default C++ standard
-- ADDING TRANSITIVE LINK DEP to:srt_shared :  
-- ADDING TRANSITIVE LINK DEP to:srt_static :  
-- INSTALL DIRS: bin=bin lib=lib shlib=lib include=include
-- APPS: ENABLED, std=
-- APP: srtsupport_virtual: using default C++ standard
-- APP: srt-live-transmit: using default C++ standard
-- APP: srt-file-transmit: using default C++ standard
-- APP: srt-tunnel: using default C++ standard
-- DEVEL APPS (testing): DISABLED
-- Configuring done
-- Generating done
-- Build files have been written to: /home/ouxt/ouxt_automation/robotx_ws/src/testing/srt_bridge/build/srt_vendor/srt_vendor-prefix/src/srt_vendor-build
[ 50%] [34m[1mPerforming build step for 'srt_vendor'[0m
[35m[1mConsolidate compiler generated dependencies of target srtsupport_virtual[0m
[35m[1mConsolidate compiler generated dependencies of target srt_virtual[0m
[ 14%] Built target srtsupport_virtual
[ 82%] Built target srt_virtual
[35m[1mConsolidate compiler generated dependencies of target srt_shared[0m
[35m[1mConsolidate compiler generated dependencies of target srt_static[0m
[ 85%] Built target srt_shared
[ 89%] Built target srt_static
[35m[1mConsolidate compiler generated dependencies of target srt-file-transmit[0m
[35m[1mConsolidate compiler generated dependencies of target srt-live-transmit[0m
[35m[1mConsolidate compiler generated dependencies of target srt-tunnel[0m
[ 92%] Built target srt-live-transmit
[ 96%] Built target srt-file-transmit
[100%] Built target srt-tunnel
[ 62%] [34m[1mPerforming install step for 'srt_vendor'[0m
[ 14%] Built target srtsupport_virtual
[ 82%] Built target srt_virtual
[ 89%] Built target srt_shared
[ 89%] Built target srt_static
[ 92%] Built target srt-tunnel
[ 96%] Built target srt-live-transmit
[100%] Built target srt-file-transmit
[36mInstall the project...[0m
-- Install configuration: "Release"
-- Up-to-date: /home/ouxt/ouxt_automation/robotx_ws/src/testing/srt_bridge/build/srt_vendor/srt_vendor_install/lib/libsrt.so.1.5.2
-- Up-to-date: /home/ouxt/ouxt_automation/robotx_ws/src/testing/srt_bridge/build/srt_vendor/srt_vendor_install/lib/libsrt.so.1.5
-- Up-to-date: /home/ouxt/ouxt_automation/robotx_ws/src/testing/srt_bridge/build/srt_vendor/srt_vendor_install/lib/libsrt.so
-- Up-to-date: /home/ouxt/ouxt_automation/robotx_ws/src/testing/srt_bridge/build/srt_vendor/srt_vendor_install/lib/libsrt.a
-- Up-to-date: /home/ouxt/ouxt_automation/robotx_ws/src/testing/srt_bridge/build/srt_vendor/srt_vendor_install/include/srt/version.h
-- Up-to-date: /home/ouxt/ouxt_automation/robotx_ws/src/testing/srt_bridge/build/srt_vendor/srt_vendor_install/include/srt/srt.h
-- Up-to-date: /home/ouxt/ouxt_automation/robotx_ws/src/testing/srt_bridge/build/srt_vendor/srt_vendor_install/include/srt/logging_api.h
-- Up-to-date: /home/ouxt/ouxt_automation/robotx_ws/src/testing/srt_bridge/build/srt_vendor/srt_vendor_install/include/srt/access_control.h
-- Up-to-date: /home/ouxt/ouxt_automation/robotx_ws/src/testing/srt_bridge/build/srt_vendor/srt_vendor_install/include/srt/platform_sys.h
-- Up-to-date: /home/ouxt/ouxt_automation/robotx_ws/src/testing/srt_bridge/build/srt_vendor/srt_vendor_install/include/srt/udt.h
-- Up-to-date: /home/ouxt/ouxt_automation/robotx_ws/src/testing/srt_bridge/build/srt_vendor/srt_vendor_install/lib/pkgconfig/haisrt.pc
-- Up-to-date: /home/ouxt/ouxt_automation/robotx_ws/src/testing/srt_bridge/build/srt_vendor/srt_vendor_install/lib/pkgconfig/srt.pc
-- Up-to-date: /home/ouxt/ouxt_automation/robotx_ws/src/testing/srt_bridge/build/srt_vendor/srt_vendor_install/bin/srt-live-transmit
-- Up-to-date: /home/ouxt/ouxt_automation/robotx_ws/src/testing/srt_bridge/build/srt_vendor/srt_vendor_install/bin/srt-live-transmit
-- Up-to-date: /home/ouxt/ouxt_automation/robotx_ws/src/testing/srt_bridge/build/srt_vendor/srt_vendor_install/bin/srt-file-transmit
-- Up-to-date: /home/ouxt/ouxt_automation/robotx_ws/src/testing/srt_bridge/build/srt_vendor/srt_vendor_install/bin/srt-file-transmit
-- Up-to-date: /home/ouxt/ouxt_automation/robotx_ws/src/testing/srt_bridge/build/srt_vendor/srt_vendor_install/bin/srt-tunnel
-- Up-to-date: /home/ouxt/ouxt_automation/robotx_ws/src/testing/srt_bridge/build/srt_vendor/srt_vendor_install/bin/srt-tunnel
-- Up-to-date: /home/ouxt/ouxt_automation/robotx_ws/src/testing/srt_bridge/build/srt_vendor/srt_vendor_install/bin/srt-ffplay
[ 75%] [34m[1mCompleted 'srt_vendor'[0m
[100%] Built target srt_vendor
-- Install configuration: ""
-- Up-to-date: /home/ouxt/ouxt_automation/robotx_ws/src/testing/srt_bridge/install/srt_vendor
-- Up-to-date: /home/ouxt/ouxt_automation/robotx_ws/src/testing/srt_bridge/install/srt_vendor/lib
-- Up-to-date: /home/ouxt/ouxt_automation/robotx_ws/src/testing/srt_bridge/install/srt_vendor/lib/libsrt.so
-- Up-to-date: /home/ouxt/ouxt_automation/robotx_ws/src/testing/srt_bridge/install/srt_vendor/lib/libsrt.so.1.5
-- Up-to-date: /home/ouxt/ouxt_automation/robotx_ws/src/testing/srt_bridge/install/srt_vendor/lib/libsrt.so.1.5.2
-- Up-to-date: /home/ouxt/ouxt_automation/robotx_ws/src/testing/srt_bridge/install/srt_vendor/lib/pkgconfig
-- Up-to-date: /home/ouxt/ouxt_automation/robotx_ws/src/testing/srt_bridge/install/srt_vendor/lib/pkgconfig/srt.pc
-- Up-to-date: /home/ouxt/ouxt_automation/robotx_ws/src/testing/srt_bridge/install/srt_vendor/lib/pkgconfig/haisrt.pc
-- Up-to-date: /home/ouxt/ouxt_automation/robotx_ws/src/testing/srt_bridge/install/srt_vendor/lib/libsrt.a
-- Up-to-date: /home/ouxt/ouxt_automation/robotx_ws/src/testing/srt_bridge/install/srt_vendor/include
-- Up-to-date: /home/ouxt/ouxt_automation/robotx_ws/src/testing/srt_bridge/install/srt_vendor/include/srt
-- Up-to-date: /home/ouxt/ouxt_automation/robotx_ws/src/testing/srt_bridge/install/srt_vendor/include/srt/version.h
-- Up-to-date: /home/ouxt/ouxt_automation/robotx_ws/src/testing/srt_bridge/install/srt_vendor/include/srt/logging_api.h
-- Up-to-date: /home/ouxt/ouxt_automation/robotx_ws/src/testing/srt_bridge/install/srt_vendor/include/srt/udt.h
-- Up-to-date: /home/ouxt/ouxt_automation/robotx_ws/src/testing/srt_bridge/install/srt_vendor/include/srt/access_control.h
-- Up-to-date: /home/ouxt/ouxt_automation/robotx_ws/src/testing/srt_bridge/install/srt_vendor/include/srt/srt.h
-- Up-to-date: /home/ouxt/ouxt_automation/robotx_ws/src/testing/srt_bridge/install/srt_vendor/include/srt/platform_sys.h
-- Up-to-date: /home/ouxt/ouxt_automation/robotx_ws/src/testing/srt_bridge/install/srt_vendor/bin
-- Up-to-date: /home/ouxt/ouxt_automation/robotx_ws/src/testing/srt_bridge/install/srt_vendor/bin/srt-ffplay
-- Up-to-date: /home/ouxt/ouxt_automation/robotx_ws/src/testing/srt_bridge/install/srt_vendor/bin/srt-file-transmit
-- Up-to-date: /home/ouxt/ouxt_automation/robotx_ws/src/testing/srt_bridge/install/srt_vendor/bin/srt-tunnel
-- Up-to-date: /home/ouxt/ouxt_automation/robotx_ws/src/testing/srt_bridge/install/srt_vendor/bin/srt-live-transmit
-- Up-to-date: /home/ouxt/ouxt_automation/robotx_ws/src/testing/srt_bridge/install/srt_vendor/share/ament_index/resource_index/package_run_dependencies/srt_vendor
-- Up-to-date: /home/ouxt/ouxt_automation/robotx_ws/src/testing/srt_bridge/install/srt_vendor/share/ament_index/resource_index/parent_prefix_path/srt_vendor
-- Up-to-date: /home/ouxt/ouxt_automation/robotx_ws/src/testing/srt_bridge/install/srt_vendor/share/srt_vendor/environment/ament_prefix_path.sh
-- Up-to-date: /home/ouxt/ouxt_automation/robotx_ws/src/testing/srt_bridge/install/srt_vendor/share/srt_vendor/environment/ament_prefix_path.dsv
-- Up-to-date: /home/ouxt/ouxt_automation/robotx_ws/src/testing/srt_bridge/install/srt_vendor/share/srt_vendor/environment/path.sh
-- Up-to-date: /home/ouxt/ouxt_automation/robotx_ws/src/testing/srt_bridge/install/srt_vendor/share/srt_vendor/environment/path.dsv
-- Up-to-date: /home/ouxt/ouxt_automation/robotx_ws/src/testing/srt_bridge/install/srt_vendor/share/srt_vendor/local_setup.bash
-- Up-to-date: /home/ouxt/ouxt_automation/robotx_ws/src/testing/srt_bridge/install/srt_vendor/share/srt_vendor/local_setup.sh
-- Up-to-date: /home/ouxt/ouxt_automation/robotx_ws/src/testing/srt_bridge/install/srt_vendor/share/srt_vendor/local_setup.zsh
-- Up-to-date: /home/ouxt/ouxt_automation/robotx_ws/src/testing/srt_bridge/install/srt_vendor/share/srt_vendor/local_setup.dsv
-- Installing: /home/ouxt/ouxt_automation/robotx_ws/src/testing/srt_bridge/install/srt_vendor/share/srt_vendor/package.dsv
-- Up-to-date: /home/ouxt/ouxt_automation/robotx_ws/src/testing/srt_bridge/install/srt_vendor/share/ament_index/resource_index/packages/srt_vendor
-- Up-to-date: /home/ouxt/ouxt_automation/robotx_ws/src/testing/srt_bridge/install/srt_vendor/share/srt_vendor/cmake/ament_cmake_export_include_directories-extras.cmake
-- Up-to-date: /home/ouxt/ouxt_automation/robotx_ws/src/testing/srt_bridge/install/srt_vendor/share/srt_vendor/cmake/srt_vendorConfig.cmake
-- Up-to-date: /home/ouxt/ouxt_automation/robotx_ws/src/testing/srt_bridge/install/srt_vendor/share/srt_vendor/cmake/srt_vendorConfig-version.cmake
-- Up-to-date: /home/ouxt/ouxt_automation/robotx_ws/src/testing/srt_bridge/install/srt_vendor/share/srt_vendor/package.xml
