[0.027s] Invoking command in '/home/ouxt/ouxt_automation/robotx_ws/src/testing/srt_bridge/build/srt_vendor': CMAKE_PREFIX_PATH=${CMAKE_PREFIX_PATH}:/opt/ros/humble /usr/bin/cmake --build /home/ouxt/ouxt_automation/robotx_ws/src/testing/srt_bridge/build/srt_vendor -- -j4 -l4
[0.134s] [ 12%] [34m[1mPerforming update step for 'srt_vendor'[0m
[0.192s] [ 25%] [34m[1mNo patch step for 'srt_vendor'[0m
[0.245s] [ 37%] [34m[1mPerforming configure step for 'srt_vendor'[0m
[0.289s] -- BUILD TYPE: Release
[0.290s] -- CLOCK_MONOTONIC: available, no extra libs needed
[0.290s] -- LOGGING: ENABLED
[0.291s] -- USE_BUSY_WAITING: OFF (default)
[0.291s] -- No WITH_COMPILER_PREFIX - using C++ compiler /usr/lib/ccache/g++
[0.291s] -- Checking for pthread_(g/s)etname_np in 'pthread_np.h':
[0.292s] -- Looking for pthread_getname_np
[0.368s] -- Looking for pthread_getname_np - not found
[0.369s] -- Looking for pthread_setname_np
[0.441s] -- Looking for pthread_setname_np - not found
[0.441s] -- Checking for pthread_(g/s)etname_np in 'pthread.h':
[0.442s] -- Looking for pthread_getname_np
[0.615s] -- Looking for pthread_getname_np - found
[0.616s] -- Looking for pthread_setname_np
[0.783s] -- Looking for pthread_setname_np - found
[0.784s] -- SSL via pkg-config: -L /usr/lib/x86_64-linux-gnu -I  -l;ssl;crypto
[0.784s] -- ENCRYPTION: ENABLED, using: openssl libcrypto
[0.784s] -- SSL libraries: ssl;crypto
[0.785s] -- ENCRYPTION AEAD API: DISABLED
[0.785s] -- COMPILER: GNU (/usr/lib/ccache/g++) - GNU compat
[0.785s] -- NOTE: GNU 11.3.0 - assuming default C++11.
[0.790s] -- Looking for __atomic_fetch_add_8 in atomic
[0.943s] -- Looking for __atomic_fetch_add_8 in atomic - found
[0.944s] -- Performing Test HAVE_LIBATOMIC_COMPILES
[1.098s] -- Performing Test HAVE_LIBATOMIC_COMPILES - Success
[1.099s] -- Performing Test HAVE_LIBATOMIC_COMPILES_STATIC
[1.327s] -- Performing Test HAVE_LIBATOMIC_COMPILES_STATIC - Success
[1.328s] -- Performing Test HAVE_GCCATOMIC_INTRINSICS
[1.491s] -- Performing Test HAVE_GCCATOMIC_INTRINSICS - Success
[1.492s] -- Performing Test HAVE_CXX_ATOMIC
[1.709s] -- Performing Test HAVE_CXX_ATOMIC - Success
[1.710s] -- Performing Test HAVE_CXX_ATOMIC_STATIC
[2.030s] -- Performing Test HAVE_CXX_ATOMIC_STATIC - Success
[2.031s] -- Checking for C++ 'std::put_time()':
[2.032s] -- Performing Test HAVE_CXX_STD_PUT_TIME
[2.574s] -- Performing Test HAVE_CXX_STD_PUT_TIME - Success
[2.575s] [33mCMake Warning (dev) at CMakeLists.txt:645 (if):
[2.575s]   Policy CMP0054 is not set: Only interpret if() arguments as variables or
[2.575s]   keywords when unquoted.  Run "cmake --help-policy CMP0054" for policy
[2.575s]   details.  Use the cmake_policy command to set the policy and suppress this
[2.575s]   warning.
[2.575s] 
[2.575s]   Quoted variables like "GNU" will no longer be dereferenced when the policy
[2.576s]   is set to NEW.  Since the policy is not set the OLD behavior will be used.
[2.576s] This warning is for project developers.  Use -Wno-dev to suppress it.
[2.576s] [0m
[2.576s] -- STDCXX_SYNC: OFF
[2.576s] -- MONOTONIC_CLOCK: ON
[2.576s] -- DETECTED SYSTEM: LINUX;  LINUX=1
[2.576s] -- ENABLE_BONDING: OFF
[2.588s] -- APP: srt_virtual: using default C++ standard
[2.589s] -- ADDING TRANSITIVE LINK DEP to:srt_shared :  
[2.589s] -- ADDING TRANSITIVE LINK DEP to:srt_static :  
[2.589s] -- INSTALL DIRS: bin=bin lib=lib shlib=lib include=include
[2.590s] -- APPS: ENABLED, std=
[2.592s] -- APP: srtsupport_virtual: using default C++ standard
[2.593s] -- APP: srt-live-transmit: using default C++ standard
[2.593s] -- APP: srt-file-transmit: using default C++ standard
[2.593s] -- APP: srt-tunnel: using default C++ standard
[2.594s] -- DEVEL APPS (testing): DISABLED
[2.594s] -- Configuring done
[2.626s] -- Generating done
[2.628s] -- Build files have been written to: /home/ouxt/ouxt_automation/robotx_ws/src/testing/srt_bridge/build/srt_vendor/srt_vendor-prefix/src/srt_vendor-build
[2.669s] [ 50%] [34m[1mPerforming build step for 'srt_vendor'[0m
[2.741s] [35m[1mConsolidate compiler generated dependencies of target srtsupport_virtual[0m
[2.751s] [35m[1mConsolidate compiler generated dependencies of target srt_virtual[0m
[2.782s] [ 14%] Built target srtsupport_virtual
[2.835s] [ 82%] Built target srt_virtual
[2.859s] [35m[1mConsolidate compiler generated dependencies of target srt_shared[0m
[2.861s] [35m[1mConsolidate compiler generated dependencies of target srt_static[0m
[2.886s] [ 85%] Built target srt_shared
[2.887s] [ 89%] Built target srt_static
[2.918s] [35m[1mConsolidate compiler generated dependencies of target srt-file-transmit[0m
[2.920s] [35m[1mConsolidate compiler generated dependencies of target srt-live-transmit[0m
[2.927s] [35m[1mConsolidate compiler generated dependencies of target srt-tunnel[0m
[2.956s] [ 92%] Built target srt-live-transmit
[2.964s] [ 96%] Built target srt-file-transmit
[2.967s] [100%] Built target srt-tunnel
[3.024s] [ 62%] [34m[1mPerforming install step for 'srt_vendor'[0m
[3.124s] [ 14%] Built target srtsupport_virtual
[3.142s] [ 82%] Built target srt_virtual
[3.192s] [ 89%] Built target srt_shared
[3.192s] [ 89%] Built target srt_static
[3.252s] [ 92%] Built target srt-tunnel
[3.261s] [ 96%] Built target srt-live-transmit
[3.264s] [100%] Built target srt-file-transmit
[3.306s] [36mInstall the project...[0m
[3.324s] -- Install configuration: "Release"
[3.325s] -- Up-to-date: /home/ouxt/ouxt_automation/robotx_ws/src/testing/srt_bridge/build/srt_vendor/srt_vendor_install/lib/libsrt.so.1.5.2
[3.326s] -- Up-to-date: /home/ouxt/ouxt_automation/robotx_ws/src/testing/srt_bridge/build/srt_vendor/srt_vendor_install/lib/libsrt.so.1.5
[3.326s] -- Up-to-date: /home/ouxt/ouxt_automation/robotx_ws/src/testing/srt_bridge/build/srt_vendor/srt_vendor_install/lib/libsrt.so
[3.326s] -- Up-to-date: /home/ouxt/ouxt_automation/robotx_ws/src/testing/srt_bridge/build/srt_vendor/srt_vendor_install/lib/libsrt.a
[3.326s] -- Up-to-date: /home/ouxt/ouxt_automation/robotx_ws/src/testing/srt_bridge/build/srt_vendor/srt_vendor_install/include/srt/version.h
[3.326s] -- Up-to-date: /home/ouxt/ouxt_automation/robotx_ws/src/testing/srt_bridge/build/srt_vendor/srt_vendor_install/include/srt/srt.h
[3.326s] -- Up-to-date: /home/ouxt/ouxt_automation/robotx_ws/src/testing/srt_bridge/build/srt_vendor/srt_vendor_install/include/srt/logging_api.h
[3.327s] -- Up-to-date: /home/ouxt/ouxt_automation/robotx_ws/src/testing/srt_bridge/build/srt_vendor/srt_vendor_install/include/srt/access_control.h
[3.327s] -- Up-to-date: /home/ouxt/ouxt_automation/robotx_ws/src/testing/srt_bridge/build/srt_vendor/srt_vendor_install/include/srt/platform_sys.h
[3.327s] -- Up-to-date: /home/ouxt/ouxt_automation/robotx_ws/src/testing/srt_bridge/build/srt_vendor/srt_vendor_install/include/srt/udt.h
[3.327s] -- Up-to-date: /home/ouxt/ouxt_automation/robotx_ws/src/testing/srt_bridge/build/srt_vendor/srt_vendor_install/lib/pkgconfig/haisrt.pc
[3.327s] -- Up-to-date: /home/ouxt/ouxt_automation/robotx_ws/src/testing/srt_bridge/build/srt_vendor/srt_vendor_install/lib/pkgconfig/srt.pc
[3.327s] -- Up-to-date: /home/ouxt/ouxt_automation/robotx_ws/src/testing/srt_bridge/build/srt_vendor/srt_vendor_install/bin/srt-live-transmit
[3.328s] -- Up-to-date: /home/ouxt/ouxt_automation/robotx_ws/src/testing/srt_bridge/build/srt_vendor/srt_vendor_install/bin/srt-live-transmit
[3.328s] -- Up-to-date: /home/ouxt/ouxt_automation/robotx_ws/src/testing/srt_bridge/build/srt_vendor/srt_vendor_install/bin/srt-file-transmit
[3.328s] -- Up-to-date: /home/ouxt/ouxt_automation/robotx_ws/src/testing/srt_bridge/build/srt_vendor/srt_vendor_install/bin/srt-file-transmit
[3.328s] -- Up-to-date: /home/ouxt/ouxt_automation/robotx_ws/src/testing/srt_bridge/build/srt_vendor/srt_vendor_install/bin/srt-tunnel
[3.328s] -- Up-to-date: /home/ouxt/ouxt_automation/robotx_ws/src/testing/srt_bridge/build/srt_vendor/srt_vendor_install/bin/srt-tunnel
[3.328s] -- Up-to-date: /home/ouxt/ouxt_automation/robotx_ws/src/testing/srt_bridge/build/srt_vendor/srt_vendor_install/bin/srt-ffplay
[3.373s] [ 75%] [34m[1mCompleted 'srt_vendor'[0m
[3.446s] [100%] Built target srt_vendor
[3.468s] Invoked command in '/home/ouxt/ouxt_automation/robotx_ws/src/testing/srt_bridge/build/srt_vendor' returned '0': CMAKE_PREFIX_PATH=${CMAKE_PREFIX_PATH}:/opt/ros/humble /usr/bin/cmake --build /home/ouxt/ouxt_automation/robotx_ws/src/testing/srt_bridge/build/srt_vendor -- -j4 -l4
[3.554s] Invoking command in '/home/ouxt/ouxt_automation/robotx_ws/src/testing/srt_bridge/build/srt_vendor': CMAKE_PREFIX_PATH=${CMAKE_PREFIX_PATH}:/opt/ros/humble /usr/bin/cmake --install /home/ouxt/ouxt_automation/robotx_ws/src/testing/srt_bridge/build/srt_vendor
[3.570s] -- Install configuration: ""
[3.573s] -- Up-to-date: /home/ouxt/ouxt_automation/robotx_ws/src/testing/srt_bridge/install/srt_vendor
[3.574s] -- Up-to-date: /home/ouxt/ouxt_automation/robotx_ws/src/testing/srt_bridge/install/srt_vendor/lib
[3.574s] -- Up-to-date: /home/ouxt/ouxt_automation/robotx_ws/src/testing/srt_bridge/install/srt_vendor/lib/libsrt.so
[3.574s] -- Up-to-date: /home/ouxt/ouxt_automation/robotx_ws/src/testing/srt_bridge/install/srt_vendor/lib/libsrt.so.1.5
[3.574s] -- Up-to-date: /home/ouxt/ouxt_automation/robotx_ws/src/testing/srt_bridge/install/srt_vendor/lib/libsrt.so.1.5.2
[3.574s] -- Up-to-date: /home/ouxt/ouxt_automation/robotx_ws/src/testing/srt_bridge/install/srt_vendor/lib/pkgconfig
[3.574s] -- Up-to-date: /home/ouxt/ouxt_automation/robotx_ws/src/testing/srt_bridge/install/srt_vendor/lib/pkgconfig/srt.pc
[3.575s] -- Up-to-date: /home/ouxt/ouxt_automation/robotx_ws/src/testing/srt_bridge/install/srt_vendor/lib/pkgconfig/haisrt.pc
[3.575s] -- Up-to-date: /home/ouxt/ouxt_automation/robotx_ws/src/testing/srt_bridge/install/srt_vendor/lib/libsrt.a
[3.575s] -- Up-to-date: /home/ouxt/ouxt_automation/robotx_ws/src/testing/srt_bridge/install/srt_vendor/include
[3.575s] -- Up-to-date: /home/ouxt/ouxt_automation/robotx_ws/src/testing/srt_bridge/install/srt_vendor/include/srt
[3.575s] -- Up-to-date: /home/ouxt/ouxt_automation/robotx_ws/src/testing/srt_bridge/install/srt_vendor/include/srt/version.h
[3.575s] -- Up-to-date: /home/ouxt/ouxt_automation/robotx_ws/src/testing/srt_bridge/install/srt_vendor/include/srt/logging_api.h
[3.575s] -- Up-to-date: /home/ouxt/ouxt_automation/robotx_ws/src/testing/srt_bridge/install/srt_vendor/include/srt/udt.h
[3.575s] -- Up-to-date: /home/ouxt/ouxt_automation/robotx_ws/src/testing/srt_bridge/install/srt_vendor/include/srt/access_control.h
[3.576s] -- Up-to-date: /home/ouxt/ouxt_automation/robotx_ws/src/testing/srt_bridge/install/srt_vendor/include/srt/srt.h
[3.576s] -- Up-to-date: /home/ouxt/ouxt_automation/robotx_ws/src/testing/srt_bridge/install/srt_vendor/include/srt/platform_sys.h
[3.576s] -- Up-to-date: /home/ouxt/ouxt_automation/robotx_ws/src/testing/srt_bridge/install/srt_vendor/bin
[3.576s] -- Up-to-date: /home/ouxt/ouxt_automation/robotx_ws/src/testing/srt_bridge/install/srt_vendor/bin/srt-ffplay
[3.576s] -- Up-to-date: /home/ouxt/ouxt_automation/robotx_ws/src/testing/srt_bridge/install/srt_vendor/bin/srt-file-transmit
[3.576s] -- Up-to-date: /home/ouxt/ouxt_automation/robotx_ws/src/testing/srt_bridge/install/srt_vendor/bin/srt-tunnel
[3.576s] -- Up-to-date: /home/ouxt/ouxt_automation/robotx_ws/src/testing/srt_bridge/install/srt_vendor/bin/srt-live-transmit
[3.577s] -- Up-to-date: /home/ouxt/ouxt_automation/robotx_ws/src/testing/srt_bridge/install/srt_vendor/share/ament_index/resource_index/package_run_dependencies/srt_vendor
[3.577s] -- Up-to-date: /home/ouxt/ouxt_automation/robotx_ws/src/testing/srt_bridge/install/srt_vendor/share/ament_index/resource_index/parent_prefix_path/srt_vendor
[3.577s] -- Up-to-date: /home/ouxt/ouxt_automation/robotx_ws/src/testing/srt_bridge/install/srt_vendor/share/srt_vendor/environment/ament_prefix_path.sh
[3.577s] -- Up-to-date: /home/ouxt/ouxt_automation/robotx_ws/src/testing/srt_bridge/install/srt_vendor/share/srt_vendor/environment/ament_prefix_path.dsv
[3.577s] -- Up-to-date: /home/ouxt/ouxt_automation/robotx_ws/src/testing/srt_bridge/install/srt_vendor/share/srt_vendor/environment/path.sh
[3.577s] -- Up-to-date: /home/ouxt/ouxt_automation/robotx_ws/src/testing/srt_bridge/install/srt_vendor/share/srt_vendor/environment/path.dsv
[3.577s] -- Up-to-date: /home/ouxt/ouxt_automation/robotx_ws/src/testing/srt_bridge/install/srt_vendor/share/srt_vendor/local_setup.bash
[3.577s] -- Up-to-date: /home/ouxt/ouxt_automation/robotx_ws/src/testing/srt_bridge/install/srt_vendor/share/srt_vendor/local_setup.sh
[3.578s] -- Up-to-date: /home/ouxt/ouxt_automation/robotx_ws/src/testing/srt_bridge/install/srt_vendor/share/srt_vendor/local_setup.zsh
[3.580s] -- Up-to-date: /home/ouxt/ouxt_automation/robotx_ws/src/testing/srt_bridge/install/srt_vendor/share/srt_vendor/local_setup.dsv
[3.580s] -- Installing: /home/ouxt/ouxt_automation/robotx_ws/src/testing/srt_bridge/install/srt_vendor/share/srt_vendor/package.dsv
[3.581s] -- Up-to-date: /home/ouxt/ouxt_automation/robotx_ws/src/testing/srt_bridge/install/srt_vendor/share/ament_index/resource_index/packages/srt_vendor
[3.600s] -- Up-to-date: /home/ouxt/ouxt_automation/robotx_ws/src/testing/srt_bridge/install/srt_vendor/share/srt_vendor/cmake/ament_cmake_export_include_directories-extras.cmake
[3.600s] -- Up-to-date: /home/ouxt/ouxt_automation/robotx_ws/src/testing/srt_bridge/install/srt_vendor/share/srt_vendor/cmake/srt_vendorConfig.cmake
[3.600s] -- Up-to-date: /home/ouxt/ouxt_automation/robotx_ws/src/testing/srt_bridge/install/srt_vendor/share/srt_vendor/cmake/srt_vendorConfig-version.cmake
[3.600s] -- Up-to-date: /home/ouxt/ouxt_automation/robotx_ws/src/testing/srt_bridge/install/srt_vendor/share/srt_vendor/package.xml
[3.600s] Invoked command in '/home/ouxt/ouxt_automation/robotx_ws/src/testing/srt_bridge/build/srt_vendor' returned '0': CMAKE_PREFIX_PATH=${CMAKE_PREFIX_PATH}:/opt/ros/humble /usr/bin/cmake --install /home/ouxt/ouxt_automation/robotx_ws/src/testing/srt_bridge/build/srt_vendor
