[0.019s] Invoking command in '/home/ouxt/ouxt_automation/robotx_ws/src/testing/srt_bridge/build/srt_vendor': CMAKE_PREFIX_PATH=${CMAKE_PREFIX_PATH}:/opt/ros/humble /usr/bin/cmake --build /home/ouxt/ouxt_automation/robotx_ws/src/testing/srt_bridge/build/srt_vendor -- -j4 -l4
[0.098s] [ 12%] [34m[1mPerforming update step for 'srt_vendor'[0m
[0.140s] [ 25%] [34m[1mNo patch step for 'srt_vendor'[0m
[0.177s] [ 37%] [34m[1mPerforming configure step for 'srt_vendor'[0m
[0.213s] -- BUILD TYPE: Release
[0.215s] -- CLOCK_MONOTONIC: available, no extra libs needed
[0.216s] -- LOGGING: ENABLED
[0.216s] -- USE_BUSY_WAITING: OFF (default)
[0.216s] -- No WITH_COMPILER_PREFIX - using C++ compiler /usr/lib/ccache/g++
[0.217s] -- Checking for pthread_(g/s)etname_np in 'pthread_np.h':
[0.220s] -- Looking for pthread_getname_np
[0.277s] -- Looking for pthread_getname_np - not found
[0.278s] -- Looking for pthread_setname_np
[0.346s] -- Looking for pthread_setname_np - not found
[0.347s] -- Checking for pthread_(g/s)etname_np in 'pthread.h':
[0.347s] -- Looking for pthread_getname_np
[0.488s] -- Looking for pthread_getname_np - found
[0.489s] -- Looking for pthread_setname_np
[0.645s] -- Looking for pthread_setname_np - found
[0.646s] -- SSL via pkg-config: -L /usr/lib/x86_64-linux-gnu -I  -l;ssl;crypto
[0.647s] -- ENCRYPTION: ENABLED, using: openssl libcrypto
[0.647s] -- SSL libraries: ssl;crypto
[0.647s] -- ENCRYPTION AEAD API: DISABLED
[0.647s] -- COMPILER: GNU (/usr/lib/ccache/g++) - GNU compat
[0.648s] -- NOTE: GNU 11.3.0 - assuming default C++11.
[0.649s] -- Looking for __atomic_fetch_add_8 in atomic
[0.789s] -- Looking for __atomic_fetch_add_8 in atomic - found
[0.790s] -- Performing Test HAVE_LIBATOMIC_COMPILES
[0.925s] -- Performing Test HAVE_LIBATOMIC_COMPILES - Success
[0.927s] -- Performing Test HAVE_LIBATOMIC_COMPILES_STATIC
[1.134s] -- Performing Test HAVE_LIBATOMIC_COMPILES_STATIC - Success
[1.135s] -- Performing Test HAVE_GCCATOMIC_INTRINSICS
[1.281s] -- Performing Test HAVE_GCCATOMIC_INTRINSICS - Success
[1.282s] -- Performing Test HAVE_CXX_ATOMIC
[1.488s] -- Performing Test HAVE_CXX_ATOMIC - Success
[1.489s] -- Performing Test HAVE_CXX_ATOMIC_STATIC
[1.779s] -- Performing Test HAVE_CXX_ATOMIC_STATIC - Success
[1.780s] -- Checking for C++ 'std::put_time()':
[1.780s] -- Performing Test HAVE_CXX_STD_PUT_TIME
[2.355s] -- Performing Test HAVE_CXX_STD_PUT_TIME - Success
[2.357s] -- STDCXX_SYNC: OFF
[2.357s] -- MONOTONIC_CLOCK: ON
[2.357s] -- DETECTED SYSTEM: LINUX;  LINUX=1
[2.357s] -- ENABLE_BONDING: OFF
[2.357s] [33mCMake Warning (dev) at CMakeLists.txt:645 (if):
[2.358s]   Policy CMP0054 is not set: Only interpret if() arguments as variables or
[2.358s]   keywords when unquoted.  Run "cmake --help-policy CMP0054" for policy
[2.358s]   details.  Use the cmake_policy command to set the policy and suppress this
[2.358s]   warning.
[2.358s] 
[2.358s]   Quoted variables like "GNU" will no longer be dereferenced when the policy
[2.359s]   is set to NEW.  Since the policy is not set the OLD behavior will be used.
[2.359s] This warning is for project developers.  Use -Wno-dev to suppress it.
[2.359s] [0m
[2.370s] -- APP: srt_virtual: using default C++ standard
[2.371s] -- ADDING TRANSITIVE LINK DEP to:srt_shared :  
[2.371s] -- ADDING TRANSITIVE LINK DEP to:srt_static :  
[2.371s] -- INSTALL DIRS: bin=bin lib=lib shlib=lib include=include
[2.372s] -- APPS: ENABLED, std=
[2.375s] -- APP: srtsupport_virtual: using default C++ standard
[2.375s] -- APP: srt-live-transmit: using default C++ standard
[2.375s] -- APP: srt-file-transmit: using default C++ standard
[2.376s] -- APP: srt-tunnel: using default C++ standard
[2.376s] -- DEVEL APPS (testing): DISABLED
[2.376s] -- Configuring done
[2.412s] -- Generating done
[2.415s] -- Build files have been written to: /home/ouxt/ouxt_automation/robotx_ws/src/testing/srt_bridge/build/srt_vendor/srt_vendor-prefix/src/srt_vendor-build
[2.447s] [ 50%] [34m[1mPerforming build step for 'srt_vendor'[0m
[2.509s] [35m[1mConsolidate compiler generated dependencies of target srtsupport_virtual[0m
[2.520s] [35m[1mConsolidate compiler generated dependencies of target srt_virtual[0m
[2.544s] [ 14%] Built target srtsupport_virtual
[2.601s] [ 82%] Built target srt_virtual
[2.620s] [35m[1mConsolidate compiler generated dependencies of target srt_static[0m
[2.620s] [35m[1mConsolidate compiler generated dependencies of target srt_shared[0m
[2.639s] [ 85%] Built target srt_static
[2.641s] [ 89%] Built target srt_shared
[2.663s] [35m[1mConsolidate compiler generated dependencies of target srt-tunnel[0m
[2.665s] [35m[1mConsolidate compiler generated dependencies of target srt-file-transmit[0m
[2.669s] [35m[1mConsolidate compiler generated dependencies of target srt-live-transmit[0m
[2.697s] [ 92%] Built target srt-tunnel
[2.699s] [ 96%] Built target srt-file-transmit
[2.705s] [100%] Built target srt-live-transmit
[2.745s] [ 62%] [34m[1mPerforming install step for 'srt_vendor'[0m
[2.824s] [ 14%] Built target srtsupport_virtual
[2.844s] [ 82%] Built target srt_virtual
[2.881s] [ 87%] Built target srt_static
[2.884s] [ 89%] Built target srt_shared
[2.931s] [ 92%] Built target srt-file-transmit
[2.934s] [ 96%] Built target srt-live-transmit
[2.938s] [100%] Built target srt-tunnel
[2.968s] [36mInstall the project...[0m
[2.980s] -- Install configuration: "Release"
[2.982s] -- Up-to-date: /home/ouxt/ouxt_automation/robotx_ws/src/testing/srt_bridge/build/srt_vendor/srt_vendor_install/lib/libsrt.so.1.5.2
[2.982s] -- Up-to-date: /home/ouxt/ouxt_automation/robotx_ws/src/testing/srt_bridge/build/srt_vendor/srt_vendor_install/lib/libsrt.so.1.5
[2.982s] -- Up-to-date: /home/ouxt/ouxt_automation/robotx_ws/src/testing/srt_bridge/build/srt_vendor/srt_vendor_install/lib/libsrt.so
[2.982s] -- Up-to-date: /home/ouxt/ouxt_automation/robotx_ws/src/testing/srt_bridge/build/srt_vendor/srt_vendor_install/lib/libsrt.a
[2.982s] -- Up-to-date: /home/ouxt/ouxt_automation/robotx_ws/src/testing/srt_bridge/build/srt_vendor/srt_vendor_install/include/srt/version.h
[2.982s] -- Up-to-date: /home/ouxt/ouxt_automation/robotx_ws/src/testing/srt_bridge/build/srt_vendor/srt_vendor_install/include/srt/srt.h
[2.992s] -- Up-to-date: /home/ouxt/ouxt_automation/robotx_ws/src/testing/srt_bridge/build/srt_vendor/srt_vendor_install/include/srt/logging_api.h
[2.992s] -- Up-to-date: /home/ouxt/ouxt_automation/robotx_ws/src/testing/srt_bridge/build/srt_vendor/srt_vendor_install/include/srt/access_control.h
[2.992s] -- Up-to-date: /home/ouxt/ouxt_automation/robotx_ws/src/testing/srt_bridge/build/srt_vendor/srt_vendor_install/include/srt/platform_sys.h
[2.992s] -- Up-to-date: /home/ouxt/ouxt_automation/robotx_ws/src/testing/srt_bridge/build/srt_vendor/srt_vendor_install/include/srt/udt.h
[2.992s] -- Up-to-date: /home/ouxt/ouxt_automation/robotx_ws/src/testing/srt_bridge/build/srt_vendor/srt_vendor_install/lib/pkgconfig/haisrt.pc
[2.993s] -- Up-to-date: /home/ouxt/ouxt_automation/robotx_ws/src/testing/srt_bridge/build/srt_vendor/srt_vendor_install/lib/pkgconfig/srt.pc
[2.993s] -- Up-to-date: /home/ouxt/ouxt_automation/robotx_ws/src/testing/srt_bridge/build/srt_vendor/srt_vendor_install/bin/srt-live-transmit
[2.993s] -- Up-to-date: /home/ouxt/ouxt_automation/robotx_ws/src/testing/srt_bridge/build/srt_vendor/srt_vendor_install/bin/srt-live-transmit
[2.993s] -- Up-to-date: /home/ouxt/ouxt_automation/robotx_ws/src/testing/srt_bridge/build/srt_vendor/srt_vendor_install/bin/srt-file-transmit
[2.993s] -- Up-to-date: /home/ouxt/ouxt_automation/robotx_ws/src/testing/srt_bridge/build/srt_vendor/srt_vendor_install/bin/srt-file-transmit
[2.993s] -- Up-to-date: /home/ouxt/ouxt_automation/robotx_ws/src/testing/srt_bridge/build/srt_vendor/srt_vendor_install/bin/srt-tunnel
[2.993s] -- Up-to-date: /home/ouxt/ouxt_automation/robotx_ws/src/testing/srt_bridge/build/srt_vendor/srt_vendor_install/bin/srt-tunnel
[2.993s] -- Up-to-date: /home/ouxt/ouxt_automation/robotx_ws/src/testing/srt_bridge/build/srt_vendor/srt_vendor_install/bin/srt-ffplay
[3.019s] [ 75%] [34m[1mCompleted 'srt_vendor'[0m
[3.071s] [100%] Built target srt_vendor
[3.093s] Invoked command in '/home/ouxt/ouxt_automation/robotx_ws/src/testing/srt_bridge/build/srt_vendor' returned '0': CMAKE_PREFIX_PATH=${CMAKE_PREFIX_PATH}:/opt/ros/humble /usr/bin/cmake --build /home/ouxt/ouxt_automation/robotx_ws/src/testing/srt_bridge/build/srt_vendor -- -j4 -l4
[3.165s] Invoking command in '/home/ouxt/ouxt_automation/robotx_ws/src/testing/srt_bridge/build/srt_vendor': CMAKE_PREFIX_PATH=${CMAKE_PREFIX_PATH}:/opt/ros/humble /usr/bin/cmake --install /home/ouxt/ouxt_automation/robotx_ws/src/testing/srt_bridge/build/srt_vendor
[3.176s] -- Install configuration: ""
[3.179s] -- Up-to-date: /home/ouxt/ouxt_automation/robotx_ws/src/testing/srt_bridge/install/srt_vendor
[3.179s] -- Up-to-date: /home/ouxt/ouxt_automation/robotx_ws/src/testing/srt_bridge/install/srt_vendor/lib
[3.180s] -- Up-to-date: /home/ouxt/ouxt_automation/robotx_ws/src/testing/srt_bridge/install/srt_vendor/lib/libsrt.so
[3.180s] -- Up-to-date: /home/ouxt/ouxt_automation/robotx_ws/src/testing/srt_bridge/install/srt_vendor/lib/libsrt.so.1.5
[3.180s] -- Up-to-date: /home/ouxt/ouxt_automation/robotx_ws/src/testing/srt_bridge/install/srt_vendor/lib/libsrt.so.1.5.2
[3.180s] -- Up-to-date: /home/ouxt/ouxt_automation/robotx_ws/src/testing/srt_bridge/install/srt_vendor/lib/pkgconfig
[3.180s] -- Up-to-date: /home/ouxt/ouxt_automation/robotx_ws/src/testing/srt_bridge/install/srt_vendor/lib/pkgconfig/srt.pc
[3.180s] -- Up-to-date: /home/ouxt/ouxt_automation/robotx_ws/src/testing/srt_bridge/install/srt_vendor/lib/pkgconfig/haisrt.pc
[3.180s] -- Up-to-date: /home/ouxt/ouxt_automation/robotx_ws/src/testing/srt_bridge/install/srt_vendor/lib/libsrt.a
[3.181s] -- Up-to-date: /home/ouxt/ouxt_automation/robotx_ws/src/testing/srt_bridge/install/srt_vendor/include
[3.181s] -- Up-to-date: /home/ouxt/ouxt_automation/robotx_ws/src/testing/srt_bridge/install/srt_vendor/include/srt
[3.181s] -- Up-to-date: /home/ouxt/ouxt_automation/robotx_ws/src/testing/srt_bridge/install/srt_vendor/include/srt/version.h
[3.181s] -- Up-to-date: /home/ouxt/ouxt_automation/robotx_ws/src/testing/srt_bridge/install/srt_vendor/include/srt/logging_api.h
[3.181s] -- Up-to-date: /home/ouxt/ouxt_automation/robotx_ws/src/testing/srt_bridge/install/srt_vendor/include/srt/udt.h
[3.182s] -- Up-to-date: /home/ouxt/ouxt_automation/robotx_ws/src/testing/srt_bridge/install/srt_vendor/include/srt/access_control.h
[3.182s] -- Up-to-date: /home/ouxt/ouxt_automation/robotx_ws/src/testing/srt_bridge/install/srt_vendor/include/srt/srt.h
[3.182s] -- Up-to-date: /home/ouxt/ouxt_automation/robotx_ws/src/testing/srt_bridge/install/srt_vendor/include/srt/platform_sys.h
[3.182s] -- Up-to-date: /home/ouxt/ouxt_automation/robotx_ws/src/testing/srt_bridge/install/srt_vendor/bin
[3.182s] -- Up-to-date: /home/ouxt/ouxt_automation/robotx_ws/src/testing/srt_bridge/install/srt_vendor/bin/srt-ffplay
[3.182s] -- Up-to-date: /home/ouxt/ouxt_automation/robotx_ws/src/testing/srt_bridge/install/srt_vendor/bin/srt-file-transmit
[3.182s] -- Up-to-date: /home/ouxt/ouxt_automation/robotx_ws/src/testing/srt_bridge/install/srt_vendor/bin/srt-tunnel
[3.182s] -- Up-to-date: /home/ouxt/ouxt_automation/robotx_ws/src/testing/srt_bridge/install/srt_vendor/bin/srt-live-transmit
[3.183s] -- Up-to-date: /home/ouxt/ouxt_automation/robotx_ws/src/testing/srt_bridge/install/srt_vendor/share/ament_index/resource_index/package_run_dependencies/srt_vendor
[3.183s] -- Up-to-date: /home/ouxt/ouxt_automation/robotx_ws/src/testing/srt_bridge/install/srt_vendor/share/ament_index/resource_index/parent_prefix_path/srt_vendor
[3.183s] -- Up-to-date: /home/ouxt/ouxt_automation/robotx_ws/src/testing/srt_bridge/install/srt_vendor/share/srt_vendor/environment/ament_prefix_path.sh
[3.183s] -- Up-to-date: /home/ouxt/ouxt_automation/robotx_ws/src/testing/srt_bridge/install/srt_vendor/share/srt_vendor/environment/ament_prefix_path.dsv
[3.196s] -- Up-to-date: /home/ouxt/ouxt_automation/robotx_ws/src/testing/srt_bridge/install/srt_vendor/share/srt_vendor/environment/path.sh
[3.196s] -- Up-to-date: /home/ouxt/ouxt_automation/robotx_ws/src/testing/srt_bridge/install/srt_vendor/share/srt_vendor/environment/path.dsv
[3.197s] -- Up-to-date: /home/ouxt/ouxt_automation/robotx_ws/src/testing/srt_bridge/install/srt_vendor/share/srt_vendor/local_setup.bash
[3.197s] -- Up-to-date: /home/ouxt/ouxt_automation/robotx_ws/src/testing/srt_bridge/install/srt_vendor/share/srt_vendor/local_setup.sh
[3.197s] -- Up-to-date: /home/ouxt/ouxt_automation/robotx_ws/src/testing/srt_bridge/install/srt_vendor/share/srt_vendor/local_setup.zsh
[3.197s] -- Up-to-date: /home/ouxt/ouxt_automation/robotx_ws/src/testing/srt_bridge/install/srt_vendor/share/srt_vendor/local_setup.dsv
[3.197s] -- Installing: /home/ouxt/ouxt_automation/robotx_ws/src/testing/srt_bridge/install/srt_vendor/share/srt_vendor/package.dsv
[3.197s] -- Up-to-date: /home/ouxt/ouxt_automation/robotx_ws/src/testing/srt_bridge/install/srt_vendor/share/ament_index/resource_index/packages/srt_vendor
[3.197s] -- Up-to-date: /home/ouxt/ouxt_automation/robotx_ws/src/testing/srt_bridge/install/srt_vendor/share/srt_vendor/cmake/ament_cmake_export_include_directories-extras.cmake
[3.198s] -- Up-to-date: /home/ouxt/ouxt_automation/robotx_ws/src/testing/srt_bridge/install/srt_vendor/share/srt_vendor/cmake/srt_vendorConfig.cmake
[3.198s] -- Up-to-date: /home/ouxt/ouxt_automation/robotx_ws/src/testing/srt_bridge/install/srt_vendor/share/srt_vendor/cmake/srt_vendorConfig-version.cmake
[3.198s] -- Up-to-date: /home/ouxt/ouxt_automation/robotx_ws/src/testing/srt_bridge/install/srt_vendor/share/srt_vendor/package.xml
[3.198s] Invoked command in '/home/ouxt/ouxt_automation/robotx_ws/src/testing/srt_bridge/build/srt_vendor' returned '0': CMAKE_PREFIX_PATH=${CMAKE_PREFIX_PATH}:/opt/ros/humble /usr/bin/cmake --install /home/ouxt/ouxt_automation/robotx_ws/src/testing/srt_bridge/build/srt_vendor
