[0.024s] Invoking command in '/home/ouxt/ouxt_automation/robotx_ws/src/testing/srt_bridge/build/srt_bridge': AMENT_PREFIX_PATH=/home/ouxt/ouxt_automation/robotx_ws/src/testing/srt_bridge/install/srt_vendor:${AMENT_PREFIX_PATH} CMAKE_PREFIX_PATH=/home/ouxt/ouxt_automation/robotx_ws/src/testing/srt_bridge/install/srt_vendor:/home/ouxt/ouxt_automation/robotx_ws/install/navi_sim:/home/ouxt/ouxt_automation/robotx_ws/install/wamv_description:/home/ouxt/ouxt_automation/robotx_ws/install/wamv_control:/home/ouxt/ouxt_automation/robotx_ws/install/robotx_planner_bringup:/home/ouxt/ouxt_automation/robotx_ws/install/hermite_path_planner_bringup:/home/ouxt/ouxt_automation/robotx_ws/install/velocity_planner:/home/ouxt/ouxt_automation/robotx_ws/install/miniv_description:/home/ouxt/ouxt_automation/robotx_ws/install/usv_controller:/home/ouxt/ouxt_automation/robotx_ws/install/robotx_communication:/home/ouxt/ouxt_automation/robotx_ws/install/miniv_control:/home/ouxt/ouxt_automation/robotx_ws/install/tcp_sender:/home/ouxt/ouxt_automation/robotx_ws/install/srt:/home/ouxt/ouxt_automation/robotx_ws/install/ros_kvh1750:/home/ouxt/ouxt_automation/robotx_ws/install/serial:/home/ouxt/ouxt_automation/robotx_ws/install/playstation_controller_drivers:/home/ouxt/ouxt_automation/robotx_ws/install/sdl2_vendor2:/home/ouxt/ouxt_automation/robotx_ws/install/perception_bringup:/home/ouxt/ouxt_automation/robotx_ws/install/scan_segmentation:/home/ouxt/ouxt_automation/robotx_ws/install/robotx_msgs:/home/ouxt/ouxt_automation/robotx_ws/install/robotx_ekf:/home/ouxt/ouxt_automation/robotx_ws/install/robotx_costmap_calculator:/home/ouxt/ouxt_automation/robotx_ws/install/robotx_bt_planner:/home/ouxt/ouxt_automation/robotx_ws/install/robotx_behavior_tree:/home/ouxt/ouxt_automation/robotx_ws/install/robotx_behavior_msgs:/home/ouxt/ouxt_automation/robotx_ws/install/pure_pursuit_planner:/home/ouxt/ouxt_automation/robotx_ws/install/perception:/home/ouxt/ouxt_automation/robotx_ws/install/pcl_apps:/home/ouxt/ouxt_automation/robotx_ws/install/perception_msgs:/home/ouxt/ouxt_automation/robotx_ws/install/pcl_apps_msgs:/home/ouxt/ouxt_automation/robotx_ws/install/odom_frame_publisher:/home/ouxt/ouxt_automation/robotx_ws/install/nmea_to_geopose:/home/ouxt/ouxt_automation/robotx_ws/install/nmea_hardware_interface:/home/ouxt/ouxt_automation/robotx_ws/install/nmea_gps_driver:/home/ouxt/ouxt_automation/robotx_ws/install/ndt_omp:/home/ouxt/ouxt_automation/robotx_ws/install/mock_server:/home/ouxt/ouxt_automation/robotx_ws/install/lidar_camera_fusion:/home/ouxt/ouxt_automation/robotx_ws/install/message_synchronizer:/home/ouxt/ouxt_automation/robotx_ws/install/lua_vendor:/home/ouxt/ouxt_automation/robotx_ws/install/local_waypoint_server:/home/ouxt/ouxt_automation/robotx_ws/install/joy_to_twist:/home/ouxt/ouxt_automation/robotx_ws/install/image_processing_utils:/home/ouxt/ouxt_automation/robotx_ws/install/hungarian_solver:/home/ouxt/ouxt_automation/robotx_ws/install/hermite_path_planner:/home/ouxt/ouxt_automation/robotx_ws/install/hermite_path_msgs:/home/ouxt/ouxt_automation/robotx_ws/install/geometry_msgs_data_buffer:/home/ouxt/ouxt_automation/robotx_ws/install/geographic_info:/home/ouxt/ouxt_automation/robotx_ws/install/geographic_conversion:/home/ouxt/ouxt_automation/robotx_ws/install/geodesy:/home/ouxt/ouxt_automation/robotx_ws/install/geographic_msgs:/home/ouxt/ouxt_automation/robotx_ws/install/dynamixel_hardware_interface:/home/ouxt/ouxt_automation/robotx_ws/install/data_buffer:/home/ouxt/ouxt_automation/robotx_ws/install/boost_geometry_util:/home/ouxt/ouxt_automation/robotx_ws/install/behavior_tree_action_builder:/opt/ros/humble LD_LIBRARY_PATH=/home/ouxt/ouxt_automation/robotx_ws/src/testing/srt_bridge/install/srt_vendor/lib:${LD_LIBRARY_PATH} PATH=/home/ouxt/ouxt_automation/robotx_ws/src/testing/srt_bridge/install/srt_vendor/bin:${PATH} /usr/bin/cmake /home/ouxt/ouxt_automation/robotx_ws/src/testing/srt_bridge/srt_bridge -DCMAKE_INSTALL_PREFIX=/home/ouxt/ouxt_automation/robotx_ws/src/testing/srt_bridge/install/srt_bridge
[0.132s] -- The C compiler identification is GNU 11.3.0
[0.230s] -- The CXX compiler identification is GNU 11.3.0
[0.247s] -- Detecting C compiler ABI info
[0.379s] -- Detecting C compiler ABI info - done
[0.394s] -- Check for working C compiler: /usr/lib/ccache/gcc - skipped
[0.394s] -- Detecting C compile features
[0.395s] -- Detecting C compile features - done
[0.400s] -- Detecting CXX compiler ABI info
[0.570s] -- Detecting CXX compiler ABI info - done
[0.589s] -- Check for working CXX compiler: /usr/lib/ccache/g++ - skipped
[0.589s] -- Detecting CXX compile features
[0.590s] -- Detecting CXX compile features - done
[0.618s] -- Found ament_cmake_auto: 1.3.4 (/opt/ros/humble/share/ament_cmake_auto/cmake)
[0.915s] -- Found Python3: /usr/bin/python3.10 (found version "3.10.6") found components: Interpreter 
[1.451s] -- Found rosidl_generator_c: 3.1.4 (/opt/ros/humble/share/rosidl_generator_c/cmake)
[1.479s] -- Found rosidl_adapter: 3.1.4 (/opt/ros/humble/share/rosidl_adapter/cmake)
[1.513s] -- Found rosidl_generator_cpp: 3.1.4 (/opt/ros/humble/share/rosidl_generator_cpp/cmake)
[1.558s] -- Using all available rosidl_typesupport_c: rosidl_typesupport_fastrtps_c;rosidl_typesupport_introspection_c
[1.618s] -- Using all available rosidl_typesupport_cpp: rosidl_typesupport_fastrtps_cpp;rosidl_typesupport_introspection_cpp
[1.824s] -- Found rmw_implementation_cmake: 6.1.1 (/opt/ros/humble/share/rmw_implementation_cmake/cmake)
[1.841s] -- Found rmw_fastrtps_cpp: 6.2.2 (/opt/ros/humble/share/rmw_fastrtps_cpp/cmake)
[2.094s] -- Found OpenSSL: /usr/lib/x86_64-linux-gnu/libcrypto.so (found version "3.0.2")  
[2.146s] -- Found FastRTPS: /opt/ros/humble/include  
[2.237s] -- Using RMW implementation 'rmw_fastrtps_cpp' as default
[2.283s] -- Looking for pthread.h
[2.471s] -- Looking for pthread.h - found
[2.472s] -- Performing Test CMAKE_HAVE_LIBC_PTHREAD
[2.652s] -- Performing Test CMAKE_HAVE_LIBC_PTHREAD - Success
[2.654s] -- Found Threads: TRUE  
[3.125s] [31mCMake Error at CMakeLists.txt:12 (ament_auo_add_library):
[3.125s]   Unknown CMake command "ament_auo_add_library".
[3.125s] 
[3.125s] [0m
[3.125s] -- Configuring incomplete, errors occurred!
[3.126s] See also "/home/ouxt/ouxt_automation/robotx_ws/src/testing/srt_bridge/build/srt_bridge/CMakeFiles/CMakeOutput.log".
[3.137s] Invoked command in '/home/ouxt/ouxt_automation/robotx_ws/src/testing/srt_bridge/build/srt_bridge' returned '1': AMENT_PREFIX_PATH=/home/ouxt/ouxt_automation/robotx_ws/src/testing/srt_bridge/install/srt_vendor:${AMENT_PREFIX_PATH} CMAKE_PREFIX_PATH=/home/ouxt/ouxt_automation/robotx_ws/src/testing/srt_bridge/install/srt_vendor:/home/ouxt/ouxt_automation/robotx_ws/install/navi_sim:/home/ouxt/ouxt_automation/robotx_ws/install/wamv_description:/home/ouxt/ouxt_automation/robotx_ws/install/wamv_control:/home/ouxt/ouxt_automation/robotx_ws/install/robotx_planner_bringup:/home/ouxt/ouxt_automation/robotx_ws/install/hermite_path_planner_bringup:/home/ouxt/ouxt_automation/robotx_ws/install/velocity_planner:/home/ouxt/ouxt_automation/robotx_ws/install/miniv_description:/home/ouxt/ouxt_automation/robotx_ws/install/usv_controller:/home/ouxt/ouxt_automation/robotx_ws/install/robotx_communication:/home/ouxt/ouxt_automation/robotx_ws/install/miniv_control:/home/ouxt/ouxt_automation/robotx_ws/install/tcp_sender:/home/ouxt/ouxt_automation/robotx_ws/install/srt:/home/ouxt/ouxt_automation/robotx_ws/install/ros_kvh1750:/home/ouxt/ouxt_automation/robotx_ws/install/serial:/home/ouxt/ouxt_automation/robotx_ws/install/playstation_controller_drivers:/home/ouxt/ouxt_automation/robotx_ws/install/sdl2_vendor2:/home/ouxt/ouxt_automation/robotx_ws/install/perception_bringup:/home/ouxt/ouxt_automation/robotx_ws/install/scan_segmentation:/home/ouxt/ouxt_automation/robotx_ws/install/robotx_msgs:/home/ouxt/ouxt_automation/robotx_ws/install/robotx_ekf:/home/ouxt/ouxt_automation/robotx_ws/install/robotx_costmap_calculator:/home/ouxt/ouxt_automation/robotx_ws/install/robotx_bt_planner:/home/ouxt/ouxt_automation/robotx_ws/install/robotx_behavior_tree:/home/ouxt/ouxt_automation/robotx_ws/install/robotx_behavior_msgs:/home/ouxt/ouxt_automation/robotx_ws/install/pure_pursuit_planner:/home/ouxt/ouxt_automation/robotx_ws/install/perception:/home/ouxt/ouxt_automation/robotx_ws/install/pcl_apps:/home/ouxt/ouxt_automation/robotx_ws/install/perception_msgs:/home/ouxt/ouxt_automation/robotx_ws/install/pcl_apps_msgs:/home/ouxt/ouxt_automation/robotx_ws/install/odom_frame_publisher:/home/ouxt/ouxt_automation/robotx_ws/install/nmea_to_geopose:/home/ouxt/ouxt_automation/robotx_ws/install/nmea_hardware_interface:/home/ouxt/ouxt_automation/robotx_ws/install/nmea_gps_driver:/home/ouxt/ouxt_automation/robotx_ws/install/ndt_omp:/home/ouxt/ouxt_automation/robotx_ws/install/mock_server:/home/ouxt/ouxt_automation/robotx_ws/install/lidar_camera_fusion:/home/ouxt/ouxt_automation/robotx_ws/install/message_synchronizer:/home/ouxt/ouxt_automation/robotx_ws/install/lua_vendor:/home/ouxt/ouxt_automation/robotx_ws/install/local_waypoint_server:/home/ouxt/ouxt_automation/robotx_ws/install/joy_to_twist:/home/ouxt/ouxt_automation/robotx_ws/install/image_processing_utils:/home/ouxt/ouxt_automation/robotx_ws/install/hungarian_solver:/home/ouxt/ouxt_automation/robotx_ws/install/hermite_path_planner:/home/ouxt/ouxt_automation/robotx_ws/install/hermite_path_msgs:/home/ouxt/ouxt_automation/robotx_ws/install/geometry_msgs_data_buffer:/home/ouxt/ouxt_automation/robotx_ws/install/geographic_info:/home/ouxt/ouxt_automation/robotx_ws/install/geographic_conversion:/home/ouxt/ouxt_automation/robotx_ws/install/geodesy:/home/ouxt/ouxt_automation/robotx_ws/install/geographic_msgs:/home/ouxt/ouxt_automation/robotx_ws/install/dynamixel_hardware_interface:/home/ouxt/ouxt_automation/robotx_ws/install/data_buffer:/home/ouxt/ouxt_automation/robotx_ws/install/boost_geometry_util:/home/ouxt/ouxt_automation/robotx_ws/install/behavior_tree_action_builder:/opt/ros/humble LD_LIBRARY_PATH=/home/ouxt/ouxt_automation/robotx_ws/src/testing/srt_bridge/install/srt_vendor/lib:${LD_LIBRARY_PATH} PATH=/home/ouxt/ouxt_automation/robotx_ws/src/testing/srt_bridge/install/srt_vendor/bin:${PATH} /usr/bin/cmake /home/ouxt/ouxt_automation/robotx_ws/src/testing/srt_bridge/srt_bridge -DCMAKE_INSTALL_PREFIX=/home/ouxt/ouxt_automation/robotx_ws/src/testing/srt_bridge/install/srt_bridge
