-- Found ament_cmake_auto: 1.3.4 (/opt/ros/humble/share/ament_cmake_auto/cmake)
-- Found rosidl_generator_c: 3.1.4 (/opt/ros/humble/share/rosidl_generator_c/cmake)
-- Found rosidl_adapter: 3.1.4 (/opt/ros/humble/share/rosidl_adapter/cmake)
-- Found rosidl_generator_cpp: 3.1.4 (/opt/ros/humble/share/rosidl_generator_cpp/cmake)
-- Using all available rosidl_typesupport_c: rosidl_typesupport_fastrtps_c;rosidl_typesupport_introspection_c
-- Using all available rosidl_typesupport_cpp: rosidl_typesupport_fastrtps_cpp;rosidl_typesupport_introspection_cpp
-- Found rmw_implementation_cmake: 6.1.1 (/opt/ros/humble/share/rmw_implementation_cmake/cmake)
-- Found rmw_fastrtps_cpp: 6.2.2 (/opt/ros/humble/share/rmw_fastrtps_cpp/cmake)
-- Using RMW implementation 'rmw_fastrtps_cpp' as default
-- Found ament_lint_auto: 0.12.6 (/opt/ros/humble/share/ament_lint_auto/cmake)
-- Added test 'clang_format' to check C / C++ code style
-- Added test 'xmllint' to check XML markup files
-- Configuring done
-- Generating done
-- Build files have been written to: /home/ouxt/ouxt_automation/robotx_ws/src/testing/srt_bridge/build/srt_bridge
[ 50%] [32mBuilding CXX object CMakeFiles/srt_bridge_component.dir/src/srt_bridge_component.cpp.o[0m
[100%] [32m[1mLinking CXX shared library libsrt_bridge_component.so[0m
[100%] Built target srt_bridge_component
-- Install configuration: ""
-- Installing: /home/ouxt/ouxt_automation/robotx_ws/src/testing/srt_bridge/install/srt_bridge/share/ament_index/resource_index/package_run_dependencies/srt_bridge
-- Installing: /home/ouxt/ouxt_automation/robotx_ws/src/testing/srt_bridge/install/srt_bridge/share/ament_index/resource_index/parent_prefix_path/srt_bridge
-- Installing: /home/ouxt/ouxt_automation/robotx_ws/src/testing/srt_bridge/install/srt_bridge/share/srt_bridge/environment/ament_prefix_path.sh
-- Installing: /home/ouxt/ouxt_automation/robotx_ws/src/testing/srt_bridge/install/srt_bridge/share/srt_bridge/environment/ament_prefix_path.dsv
-- Installing: /home/ouxt/ouxt_automation/robotx_ws/src/testing/srt_bridge/install/srt_bridge/share/srt_bridge/environment/path.sh
-- Installing: /home/ouxt/ouxt_automation/robotx_ws/src/testing/srt_bridge/install/srt_bridge/share/srt_bridge/environment/path.dsv
-- Installing: /home/ouxt/ouxt_automation/robotx_ws/src/testing/srt_bridge/install/srt_bridge/share/srt_bridge/local_setup.bash
-- Installing: /home/ouxt/ouxt_automation/robotx_ws/src/testing/srt_bridge/install/srt_bridge/share/srt_bridge/local_setup.sh
-- Installing: /home/ouxt/ouxt_automation/robotx_ws/src/testing/srt_bridge/install/srt_bridge/share/srt_bridge/local_setup.zsh
-- Installing: /home/ouxt/ouxt_automation/robotx_ws/src/testing/srt_bridge/install/srt_bridge/share/srt_bridge/local_setup.dsv
-- Installing: /home/ouxt/ouxt_automation/robotx_ws/src/testing/srt_bridge/install/srt_bridge/share/srt_bridge/package.dsv
-- Installing: /home/ouxt/ouxt_automation/robotx_ws/src/testing/srt_bridge/install/srt_bridge/share/ament_index/resource_index/packages/srt_bridge
-- Installing: /home/ouxt/ouxt_automation/robotx_ws/src/testing/srt_bridge/install/srt_bridge/share/srt_bridge/cmake/srt_bridgeConfig.cmake
-- Installing: /home/ouxt/ouxt_automation/robotx_ws/src/testing/srt_bridge/install/srt_bridge/share/srt_bridge/cmake/srt_bridgeConfig-version.cmake
-- Installing: /home/ouxt/ouxt_automation/robotx_ws/src/testing/srt_bridge/install/srt_bridge/share/srt_bridge/package.xml
