[0.394s] DEBUG:colcon:Command line arguments: ['/usr/bin/colcon', 'build', '--packages-up-to', 'srt_bridge']
[0.394s] DEBUG:colcon:Parsed command line arguments: Namespace(log_base=None, log_level=None, verb_name='build', build_base='build', install_base='install', merge_install=False, symlink_install=False, test_result_base=None, continue_on_error=False, executor='parallel', parallel_workers=4, event_handlers=None, ignore_user_meta=False, metas=['./colcon.meta'], base_paths=['.'], packages_ignore=None, packages_ignore_regex=None, paths=None, packages_up_to=['srt_bridge'], packages_up_to_regex=None, packages_above=None, packages_above_and_dependencies=None, packages_above_depth=None, packages_select_by_dep=None, packages_skip_by_dep=None, packages_skip_up_to=None, packages_select_build_failed=False, packages_skip_build_finished=False, packages_select_test_failures=False, packages_skip_test_passed=False, packages_select=None, packages_skip=None, packages_select_regex=None, packages_skip_regex=None, packages_start=None, packages_end=None, allow_overriding=[], cmake_args=None, cmake_target=None, cmake_target_skip_unavailable=False, cmake_clean_cache=False, cmake_clean_first=False, cmake_force_configure=False, ament_cmake_args=None, catkin_cmake_args=None, catkin_skip_building_tests=False, verb_parser=<colcon_defaults.argument_parser.defaults.DefaultArgumentsDecorator object at 0x7f10264d2b90>, verb_extension=<colcon_core.verb.build.BuildVerb object at 0x7f1026ca31f0>, main=<bound method BuildVerb.main of <colcon_core.verb.build.BuildVerb object at 0x7f1026ca31f0>>)
[0.434s] Level 1:colcon.colcon_core.package_discovery:discover_packages(colcon_meta) check parameters
[0.434s] Level 1:colcon.colcon_core.package_discovery:discover_packages(recursive) check parameters
[0.434s] Level 1:colcon.colcon_core.package_discovery:discover_packages(ignore) check parameters
[0.434s] Level 1:colcon.colcon_core.package_discovery:discover_packages(path) check parameters
[0.434s] Level 1:colcon.colcon_core.package_discovery:discover_packages(colcon_meta) discover
[0.434s] Level 1:colcon.colcon_core.package_discovery:discover_packages(recursive) discover
[0.435s] INFO:colcon.colcon_core.package_discovery:Crawling recursively for packages in '/home/ouxt/ouxt_automation/robotx_ws/src/testing/srt_bridge'
[0.435s] Level 1:colcon.colcon_core.package_identification:_identify(.) by extensions ['ignore', 'ignore_ament_install']
[0.435s] Level 1:colcon.colcon_core.package_identification:_identify(.) by extension 'ignore'
[0.435s] Level 1:colcon.colcon_core.package_identification:_identify(.) by extension 'ignore_ament_install'
[0.435s] Level 1:colcon.colcon_core.package_identification:_identify(.) by extensions ['colcon_pkg']
[0.435s] Level 1:colcon.colcon_core.package_identification:_identify(.) by extension 'colcon_pkg'
[0.435s] Level 1:colcon.colcon_core.package_identification:_identify(.) by extensions ['colcon_meta']
[0.435s] Level 1:colcon.colcon_core.package_identification:_identify(.) by extension 'colcon_meta'
[0.435s] Level 1:colcon.colcon_core.package_identification:_identify(.) by extensions ['ros']
[0.435s] Level 1:colcon.colcon_core.package_identification:_identify(.) by extension 'ros'
[0.449s] Level 1:colcon.colcon_core.package_identification:_identify(.) by extensions ['cmake', 'python']
[0.449s] Level 1:colcon.colcon_core.package_identification:_identify(.) by extension 'cmake'
[0.450s] Level 1:colcon.colcon_core.package_identification:_identify(.) by extension 'python'
[0.450s] Level 1:colcon.colcon_core.package_identification:_identify(.) by extensions ['python_setup_py']
[0.450s] Level 1:colcon.colcon_core.package_identification:_identify(.) by extension 'python_setup_py'
[0.450s] Level 1:colcon.colcon_core.package_identification:_identify(build) by extensions ['ignore', 'ignore_ament_install']
[0.450s] Level 1:colcon.colcon_core.package_identification:_identify(build) by extension 'ignore'
[0.450s] Level 1:colcon.colcon_core.package_identification:_identify(build) ignored
[0.450s] Level 1:colcon.colcon_core.package_identification:_identify(install) by extensions ['ignore', 'ignore_ament_install']
[0.451s] Level 1:colcon.colcon_core.package_identification:_identify(install) by extension 'ignore'
[0.451s] Level 1:colcon.colcon_core.package_identification:_identify(install) ignored
[0.451s] Level 1:colcon.colcon_core.package_identification:_identify(log) by extensions ['ignore', 'ignore_ament_install']
[0.451s] Level 1:colcon.colcon_core.package_identification:_identify(log) by extension 'ignore'
[0.451s] Level 1:colcon.colcon_core.package_identification:_identify(log) ignored
[0.451s] Level 1:colcon.colcon_core.package_identification:_identify(srt_bridge) by extensions ['ignore', 'ignore_ament_install']
[0.451s] Level 1:colcon.colcon_core.package_identification:_identify(srt_bridge) by extension 'ignore'
[0.451s] Level 1:colcon.colcon_core.package_identification:_identify(srt_bridge) by extension 'ignore_ament_install'
[0.452s] Level 1:colcon.colcon_core.package_identification:_identify(srt_bridge) by extensions ['colcon_pkg']
[0.452s] Level 1:colcon.colcon_core.package_identification:_identify(srt_bridge) by extension 'colcon_pkg'
[0.452s] Level 1:colcon.colcon_core.package_identification:_identify(srt_bridge) by extensions ['colcon_meta']
[0.452s] Level 1:colcon.colcon_core.package_identification:_identify(srt_bridge) by extension 'colcon_meta'
[0.452s] Level 1:colcon.colcon_core.package_identification:_identify(srt_bridge) by extensions ['ros']
[0.452s] Level 1:colcon.colcon_core.package_identification:_identify(srt_bridge) by extension 'ros'
[0.455s] DEBUG:colcon.colcon_core.package_identification:Package 'srt_bridge' with type 'ros.ament_cmake' and name 'srt_bridge'
[0.455s] Level 1:colcon.colcon_core.package_identification:_identify(srt_vendor) by extensions ['ignore', 'ignore_ament_install']
[0.455s] Level 1:colcon.colcon_core.package_identification:_identify(srt_vendor) by extension 'ignore'
[0.456s] Level 1:colcon.colcon_core.package_identification:_identify(srt_vendor) by extension 'ignore_ament_install'
[0.456s] Level 1:colcon.colcon_core.package_identification:_identify(srt_vendor) by extensions ['colcon_pkg']
[0.456s] Level 1:colcon.colcon_core.package_identification:_identify(srt_vendor) by extension 'colcon_pkg'
[0.456s] Level 1:colcon.colcon_core.package_identification:_identify(srt_vendor) by extensions ['colcon_meta']
[0.456s] Level 1:colcon.colcon_core.package_identification:_identify(srt_vendor) by extension 'colcon_meta'
[0.456s] Level 1:colcon.colcon_core.package_identification:_identify(srt_vendor) by extensions ['ros']
[0.456s] Level 1:colcon.colcon_core.package_identification:_identify(srt_vendor) by extension 'ros'
[0.457s] DEBUG:colcon.colcon_core.package_identification:Package 'srt_vendor' with type 'ros.ament_cmake' and name 'srt_vendor'
[0.457s] Level 1:colcon.colcon_core.package_discovery:discover_packages(recursive) using defaults
[0.457s] Level 1:colcon.colcon_core.package_discovery:discover_packages(ignore) discover
[0.457s] Level 1:colcon.colcon_core.package_discovery:discover_packages(ignore) using defaults
[0.457s] Level 1:colcon.colcon_core.package_discovery:discover_packages(path) discover
[0.457s] Level 1:colcon.colcon_core.package_discovery:discover_packages(path) using defaults
[0.490s] Level 1:colcon.colcon_core.package_discovery:discover_packages(prefix_path) check parameters
[0.490s] Level 1:colcon.colcon_core.package_discovery:discover_packages(prefix_path) discover
[0.500s] DEBUG:colcon.colcon_installed_package_information.package_discovery:Found 53 installed packages in /home/ouxt/ouxt_automation/robotx_ws/install
[0.503s] DEBUG:colcon.colcon_installed_package_information.package_discovery:Found 336 installed packages in /opt/ros/humble
[0.505s] Level 1:colcon.colcon_core.package_discovery:discover_packages(prefix_path) using defaults
[0.590s] Level 5:colcon.colcon_core.verb:set package 'srt_vendor' build argument 'cmake_args' from command line to 'None'
[0.591s] Level 5:colcon.colcon_core.verb:set package 'srt_vendor' build argument 'cmake_target' from command line to 'None'
[0.591s] Level 5:colcon.colcon_core.verb:set package 'srt_vendor' build argument 'cmake_target_skip_unavailable' from command line to 'False'
[0.591s] Level 5:colcon.colcon_core.verb:set package 'srt_vendor' build argument 'cmake_clean_cache' from command line to 'False'
[0.591s] Level 5:colcon.colcon_core.verb:set package 'srt_vendor' build argument 'cmake_clean_first' from command line to 'False'
[0.591s] Level 5:colcon.colcon_core.verb:set package 'srt_vendor' build argument 'cmake_force_configure' from command line to 'False'
[0.591s] Level 5:colcon.colcon_core.verb:set package 'srt_vendor' build argument 'ament_cmake_args' from command line to 'None'
[0.591s] Level 5:colcon.colcon_core.verb:set package 'srt_vendor' build argument 'catkin_cmake_args' from command line to 'None'
[0.591s] Level 5:colcon.colcon_core.verb:set package 'srt_vendor' build argument 'catkin_skip_building_tests' from command line to 'False'
[0.591s] DEBUG:colcon.colcon_core.verb:Building package 'srt_vendor' with the following arguments: {'ament_cmake_args': None, 'build_base': '/home/ouxt/ouxt_automation/robotx_ws/src/testing/srt_bridge/build/srt_vendor', 'catkin_cmake_args': None, 'catkin_skip_building_tests': False, 'cmake_args': None, 'cmake_clean_cache': False, 'cmake_clean_first': False, 'cmake_force_configure': False, 'cmake_target': None, 'cmake_target_skip_unavailable': False, 'install_base': '/home/ouxt/ouxt_automation/robotx_ws/src/testing/srt_bridge/install/srt_vendor', 'merge_install': False, 'path': '/home/ouxt/ouxt_automation/robotx_ws/src/testing/srt_bridge/srt_vendor', 'symlink_install': False, 'test_result_base': None}
[0.593s] Level 5:colcon.colcon_core.verb:set package 'srt_bridge' build argument 'cmake_args' from command line to 'None'
[0.593s] Level 5:colcon.colcon_core.verb:set package 'srt_bridge' build argument 'cmake_target' from command line to 'None'
[0.593s] Level 5:colcon.colcon_core.verb:set package 'srt_bridge' build argument 'cmake_target_skip_unavailable' from command line to 'False'
[0.593s] Level 5:colcon.colcon_core.verb:set package 'srt_bridge' build argument 'cmake_clean_cache' from command line to 'False'
[0.593s] Level 5:colcon.colcon_core.verb:set package 'srt_bridge' build argument 'cmake_clean_first' from command line to 'False'
[0.593s] Level 5:colcon.colcon_core.verb:set package 'srt_bridge' build argument 'cmake_force_configure' from command line to 'False'
[0.593s] Level 5:colcon.colcon_core.verb:set package 'srt_bridge' build argument 'ament_cmake_args' from command line to 'None'
[0.593s] Level 5:colcon.colcon_core.verb:set package 'srt_bridge' build argument 'catkin_cmake_args' from command line to 'None'
[0.593s] Level 5:colcon.colcon_core.verb:set package 'srt_bridge' build argument 'catkin_skip_building_tests' from command line to 'False'
[0.593s] DEBUG:colcon.colcon_core.verb:Building package 'srt_bridge' with the following arguments: {'ament_cmake_args': None, 'build_base': '/home/ouxt/ouxt_automation/robotx_ws/src/testing/srt_bridge/build/srt_bridge', 'catkin_cmake_args': None, 'catkin_skip_building_tests': False, 'cmake_args': None, 'cmake_clean_cache': False, 'cmake_clean_first': False, 'cmake_force_configure': False, 'cmake_target': None, 'cmake_target_skip_unavailable': False, 'install_base': '/home/ouxt/ouxt_automation/robotx_ws/src/testing/srt_bridge/install/srt_bridge', 'merge_install': False, 'path': '/home/ouxt/ouxt_automation/robotx_ws/src/testing/srt_bridge/srt_bridge', 'symlink_install': False, 'test_result_base': None}
[0.594s] INFO:colcon.colcon_core.executor:Executing jobs using 'parallel' executor
[0.598s] DEBUG:colcon.colcon_parallel_executor.executor.parallel:run_until_complete
[0.599s] INFO:colcon.colcon_ros.task.ament_cmake.build:Building ROS package in '/home/ouxt/ouxt_automation/robotx_ws/src/testing/srt_bridge/srt_vendor' with build type 'ament_cmake'
[0.599s] INFO:colcon.colcon_cmake.task.cmake.build:Building CMake package in '/home/ouxt/ouxt_automation/robotx_ws/src/testing/srt_bridge/srt_vendor'
[0.604s] INFO:colcon.colcon_core.plugin_system:Skipping extension 'colcon_core.shell.bat': Not used on non-Windows systems
[0.605s] INFO:colcon.colcon_core.shell:Skip shell extension 'powershell' for command environment: Not usable outside of PowerShell
[0.605s] DEBUG:colcon.colcon_core.shell:Skip shell extension 'dsv' for command environment
[0.626s] DEBUG:colcon.colcon_core.event_handler.log_command:Invoking command in '/home/ouxt/ouxt_automation/robotx_ws/src/testing/srt_bridge/build/srt_vendor': CMAKE_PREFIX_PATH=${CMAKE_PREFIX_PATH}:/opt/ros/humble /usr/bin/cmake --build /home/ouxt/ouxt_automation/robotx_ws/src/testing/srt_bridge/build/srt_vendor -- -j4 -l4
[4.067s] DEBUG:colcon.colcon_core.event_handler.log_command:Invoked command in '/home/ouxt/ouxt_automation/robotx_ws/src/testing/srt_bridge/build/srt_vendor' returned '0': CMAKE_PREFIX_PATH=${CMAKE_PREFIX_PATH}:/opt/ros/humble /usr/bin/cmake --build /home/ouxt/ouxt_automation/robotx_ws/src/testing/srt_bridge/build/srt_vendor -- -j4 -l4
[4.152s] DEBUG:colcon.colcon_core.event_handler.log_command:Invoking command in '/home/ouxt/ouxt_automation/robotx_ws/src/testing/srt_bridge/build/srt_vendor': CMAKE_PREFIX_PATH=${CMAKE_PREFIX_PATH}:/opt/ros/humble /usr/bin/cmake --install /home/ouxt/ouxt_automation/robotx_ws/src/testing/srt_bridge/build/srt_vendor
[4.179s] Level 1:colcon.colcon_core.environment:create_environment_scripts_only(srt_vendor)
[4.188s] Level 1:colcon.colcon_core.environment:checking '/home/ouxt/ouxt_automation/robotx_ws/src/testing/srt_bridge/install/srt_vendor' for CMake module files
[4.189s] Level 1:colcon.colcon_core.environment:checking '/home/ouxt/ouxt_automation/robotx_ws/src/testing/srt_bridge/install/srt_vendor' for CMake config files
[4.190s] Level 1:colcon.colcon_core.shell:create_environment_hook('srt_vendor', 'cmake_prefix_path')
[4.192s] INFO:colcon.colcon_core.shell:Creating environment hook '/home/ouxt/ouxt_automation/robotx_ws/src/testing/srt_bridge/install/srt_vendor/share/srt_vendor/hook/cmake_prefix_path.ps1'
[4.193s] INFO:colcon.colcon_core.shell:Creating environment descriptor '/home/ouxt/ouxt_automation/robotx_ws/src/testing/srt_bridge/install/srt_vendor/share/srt_vendor/hook/cmake_prefix_path.dsv'
[4.194s] INFO:colcon.colcon_core.shell:Creating environment hook '/home/ouxt/ouxt_automation/robotx_ws/src/testing/srt_bridge/install/srt_vendor/share/srt_vendor/hook/cmake_prefix_path.sh'
[4.195s] Level 1:colcon.colcon_core.environment:checking '/home/ouxt/ouxt_automation/robotx_ws/src/testing/srt_bridge/install/srt_vendor/lib'
[4.196s] Level 1:colcon.colcon_core.shell:create_environment_hook('srt_vendor', 'ld_library_path_lib')
[4.198s] INFO:colcon.colcon_core.shell:Creating environment hook '/home/ouxt/ouxt_automation/robotx_ws/src/testing/srt_bridge/install/srt_vendor/share/srt_vendor/hook/ld_library_path_lib.ps1'
[4.199s] DEBUG:colcon.colcon_core.event_handler.log_command:Invoked command in '/home/ouxt/ouxt_automation/robotx_ws/src/testing/srt_bridge/build/srt_vendor' returned '0': CMAKE_PREFIX_PATH=${CMAKE_PREFIX_PATH}:/opt/ros/humble /usr/bin/cmake --install /home/ouxt/ouxt_automation/robotx_ws/src/testing/srt_bridge/build/srt_vendor
[4.200s] INFO:colcon.colcon_core.shell:Creating environment descriptor '/home/ouxt/ouxt_automation/robotx_ws/src/testing/srt_bridge/install/srt_vendor/share/srt_vendor/hook/ld_library_path_lib.dsv'
[4.200s] INFO:colcon.colcon_core.shell:Creating environment hook '/home/ouxt/ouxt_automation/robotx_ws/src/testing/srt_bridge/install/srt_vendor/share/srt_vendor/hook/ld_library_path_lib.sh'
[4.201s] Level 1:colcon.colcon_core.environment:checking '/home/ouxt/ouxt_automation/robotx_ws/src/testing/srt_bridge/install/srt_vendor/bin'
[4.201s] Level 1:colcon.colcon_core.shell:create_environment_hook('srt_vendor', 'path')
[4.204s] INFO:colcon.colcon_core.shell:Creating environment hook '/home/ouxt/ouxt_automation/robotx_ws/src/testing/srt_bridge/install/srt_vendor/share/srt_vendor/hook/path.ps1'
[4.204s] INFO:colcon.colcon_core.shell:Creating environment descriptor '/home/ouxt/ouxt_automation/robotx_ws/src/testing/srt_bridge/install/srt_vendor/share/srt_vendor/hook/path.dsv'
[4.205s] INFO:colcon.colcon_core.shell:Creating environment hook '/home/ouxt/ouxt_automation/robotx_ws/src/testing/srt_bridge/install/srt_vendor/share/srt_vendor/hook/path.sh'
[4.205s] Level 1:colcon.colcon_core.environment:checking '/home/ouxt/ouxt_automation/robotx_ws/src/testing/srt_bridge/install/srt_vendor/lib/pkgconfig/srt_vendor.pc'
[4.206s] Level 1:colcon.colcon_core.environment:checking '/home/ouxt/ouxt_automation/robotx_ws/src/testing/srt_bridge/install/srt_vendor/lib/python3.10/site-packages'
[4.206s] Level 1:colcon.colcon_core.environment:checking '/home/ouxt/ouxt_automation/robotx_ws/src/testing/srt_bridge/install/srt_vendor/bin'
[4.207s] Level 1:colcon.colcon_core.shell:create_environment_hook('srt_vendor', 'pythonscriptspath')
[4.210s] INFO:colcon.colcon_core.shell:Creating environment hook '/home/ouxt/ouxt_automation/robotx_ws/src/testing/srt_bridge/install/srt_vendor/share/srt_vendor/hook/pythonscriptspath.ps1'
[4.210s] INFO:colcon.colcon_core.shell:Creating environment descriptor '/home/ouxt/ouxt_automation/robotx_ws/src/testing/srt_bridge/install/srt_vendor/share/srt_vendor/hook/pythonscriptspath.dsv'
[4.211s] INFO:colcon.colcon_core.shell:Creating environment hook '/home/ouxt/ouxt_automation/robotx_ws/src/testing/srt_bridge/install/srt_vendor/share/srt_vendor/hook/pythonscriptspath.sh'
[4.214s] INFO:colcon.colcon_core.shell:Creating package script '/home/ouxt/ouxt_automation/robotx_ws/src/testing/srt_bridge/install/srt_vendor/share/srt_vendor/package.ps1'
[4.215s] INFO:colcon.colcon_core.shell:Creating package descriptor '/home/ouxt/ouxt_automation/robotx_ws/src/testing/srt_bridge/install/srt_vendor/share/srt_vendor/package.dsv'
[4.216s] INFO:colcon.colcon_core.shell:Creating package script '/home/ouxt/ouxt_automation/robotx_ws/src/testing/srt_bridge/install/srt_vendor/share/srt_vendor/package.sh'
[4.217s] INFO:colcon.colcon_core.shell:Creating package script '/home/ouxt/ouxt_automation/robotx_ws/src/testing/srt_bridge/install/srt_vendor/share/srt_vendor/package.bash'
[4.218s] INFO:colcon.colcon_core.shell:Creating package script '/home/ouxt/ouxt_automation/robotx_ws/src/testing/srt_bridge/install/srt_vendor/share/srt_vendor/package.zsh'
[4.219s] Level 1:colcon.colcon_core.environment:create_file_with_runtime_dependencies(/home/ouxt/ouxt_automation/robotx_ws/src/testing/srt_bridge/install/srt_vendor/share/colcon-core/packages/srt_vendor)
[4.288s] Level 1:colcon.colcon_core.environment:create_environment_scripts_only(srt_vendor)
[4.290s] Level 1:colcon.colcon_core.environment:checking '/home/ouxt/ouxt_automation/robotx_ws/src/testing/srt_bridge/install/srt_vendor' for CMake module files
[4.291s] Level 1:colcon.colcon_core.environment:checking '/home/ouxt/ouxt_automation/robotx_ws/src/testing/srt_bridge/install/srt_vendor' for CMake config files
[4.291s] Level 1:colcon.colcon_core.shell:create_environment_hook('srt_vendor', 'cmake_prefix_path')
[4.293s] INFO:colcon.colcon_core.shell:Creating environment hook '/home/ouxt/ouxt_automation/robotx_ws/src/testing/srt_bridge/install/srt_vendor/share/srt_vendor/hook/cmake_prefix_path.ps1'
[4.294s] INFO:colcon.colcon_core.shell:Creating environment descriptor '/home/ouxt/ouxt_automation/robotx_ws/src/testing/srt_bridge/install/srt_vendor/share/srt_vendor/hook/cmake_prefix_path.dsv'
[4.294s] INFO:colcon.colcon_core.shell:Creating environment hook '/home/ouxt/ouxt_automation/robotx_ws/src/testing/srt_bridge/install/srt_vendor/share/srt_vendor/hook/cmake_prefix_path.sh'
[4.295s] Level 1:colcon.colcon_core.environment:checking '/home/ouxt/ouxt_automation/robotx_ws/src/testing/srt_bridge/install/srt_vendor/lib'
[4.295s] Level 1:colcon.colcon_core.shell:create_environment_hook('srt_vendor', 'ld_library_path_lib')
[4.297s] INFO:colcon.colcon_core.shell:Creating environment hook '/home/ouxt/ouxt_automation/robotx_ws/src/testing/srt_bridge/install/srt_vendor/share/srt_vendor/hook/ld_library_path_lib.ps1'
[4.298s] INFO:colcon.colcon_core.shell:Creating environment descriptor '/home/ouxt/ouxt_automation/robotx_ws/src/testing/srt_bridge/install/srt_vendor/share/srt_vendor/hook/ld_library_path_lib.dsv'
[4.298s] INFO:colcon.colcon_core.shell:Creating environment hook '/home/ouxt/ouxt_automation/robotx_ws/src/testing/srt_bridge/install/srt_vendor/share/srt_vendor/hook/ld_library_path_lib.sh'
[4.299s] Level 1:colcon.colcon_core.environment:checking '/home/ouxt/ouxt_automation/robotx_ws/src/testing/srt_bridge/install/srt_vendor/bin'
[4.299s] Level 1:colcon.colcon_core.shell:create_environment_hook('srt_vendor', 'path')
[4.301s] INFO:colcon.colcon_core.shell:Creating environment hook '/home/ouxt/ouxt_automation/robotx_ws/src/testing/srt_bridge/install/srt_vendor/share/srt_vendor/hook/path.ps1'
[4.302s] INFO:colcon.colcon_core.shell:Creating environment descriptor '/home/ouxt/ouxt_automation/robotx_ws/src/testing/srt_bridge/install/srt_vendor/share/srt_vendor/hook/path.dsv'
[4.302s] INFO:colcon.colcon_core.shell:Creating environment hook '/home/ouxt/ouxt_automation/robotx_ws/src/testing/srt_bridge/install/srt_vendor/share/srt_vendor/hook/path.sh'
[4.303s] Level 1:colcon.colcon_core.environment:checking '/home/ouxt/ouxt_automation/robotx_ws/src/testing/srt_bridge/install/srt_vendor/lib/pkgconfig/srt_vendor.pc'
[4.303s] Level 1:colcon.colcon_core.environment:checking '/home/ouxt/ouxt_automation/robotx_ws/src/testing/srt_bridge/install/srt_vendor/lib/python3.10/site-packages'
[4.304s] Level 1:colcon.colcon_core.environment:checking '/home/ouxt/ouxt_automation/robotx_ws/src/testing/srt_bridge/install/srt_vendor/bin'
[4.304s] Level 1:colcon.colcon_core.shell:create_environment_hook('srt_vendor', 'pythonscriptspath')
[4.307s] INFO:colcon.colcon_core.shell:Creating environment hook '/home/ouxt/ouxt_automation/robotx_ws/src/testing/srt_bridge/install/srt_vendor/share/srt_vendor/hook/pythonscriptspath.ps1'
[4.308s] INFO:colcon.colcon_core.shell:Creating environment descriptor '/home/ouxt/ouxt_automation/robotx_ws/src/testing/srt_bridge/install/srt_vendor/share/srt_vendor/hook/pythonscriptspath.dsv'
[4.308s] INFO:colcon.colcon_core.shell:Creating environment hook '/home/ouxt/ouxt_automation/robotx_ws/src/testing/srt_bridge/install/srt_vendor/share/srt_vendor/hook/pythonscriptspath.sh'
[4.311s] INFO:colcon.colcon_core.shell:Creating package script '/home/ouxt/ouxt_automation/robotx_ws/src/testing/srt_bridge/install/srt_vendor/share/srt_vendor/package.ps1'
[4.312s] INFO:colcon.colcon_core.shell:Creating package descriptor '/home/ouxt/ouxt_automation/robotx_ws/src/testing/srt_bridge/install/srt_vendor/share/srt_vendor/package.dsv'
[4.313s] INFO:colcon.colcon_core.shell:Creating package script '/home/ouxt/ouxt_automation/robotx_ws/src/testing/srt_bridge/install/srt_vendor/share/srt_vendor/package.sh'
[4.314s] INFO:colcon.colcon_core.shell:Creating package script '/home/ouxt/ouxt_automation/robotx_ws/src/testing/srt_bridge/install/srt_vendor/share/srt_vendor/package.bash'
[4.314s] INFO:colcon.colcon_core.shell:Creating package script '/home/ouxt/ouxt_automation/robotx_ws/src/testing/srt_bridge/install/srt_vendor/share/srt_vendor/package.zsh'
[4.315s] Level 1:colcon.colcon_core.environment:create_file_with_runtime_dependencies(/home/ouxt/ouxt_automation/robotx_ws/src/testing/srt_bridge/install/srt_vendor/share/colcon-core/packages/srt_vendor)
[4.315s] INFO:colcon.colcon_ros.task.ament_cmake.build:Building ROS package in '/home/ouxt/ouxt_automation/robotx_ws/src/testing/srt_bridge/srt_bridge' with build type 'ament_cmake'
[4.316s] INFO:colcon.colcon_cmake.task.cmake.build:Building CMake package in '/home/ouxt/ouxt_automation/robotx_ws/src/testing/srt_bridge/srt_bridge'
[4.319s] INFO:colcon.colcon_core.shell:Skip shell extension 'powershell' for command environment: Not usable outside of PowerShell
[4.319s] DEBUG:colcon.colcon_core.shell:Skip shell extension 'dsv' for command environment
[4.345s] DEBUG:colcon.colcon_core.event_handler.log_command:Invoking command in '/home/ouxt/ouxt_automation/robotx_ws/src/testing/srt_bridge/build/srt_bridge': AMENT_PREFIX_PATH=/home/ouxt/ouxt_automation/robotx_ws/src/testing/srt_bridge/install/srt_vendor:${AMENT_PREFIX_PATH} CMAKE_PREFIX_PATH=/home/ouxt/ouxt_automation/robotx_ws/src/testing/srt_bridge/install/srt_vendor:/home/ouxt/ouxt_automation/robotx_ws/install/navi_sim:/home/ouxt/ouxt_automation/robotx_ws/install/wamv_description:/home/ouxt/ouxt_automation/robotx_ws/install/wamv_control:/home/ouxt/ouxt_automation/robotx_ws/install/robotx_planner_bringup:/home/ouxt/ouxt_automation/robotx_ws/install/hermite_path_planner_bringup:/home/ouxt/ouxt_automation/robotx_ws/install/velocity_planner:/home/ouxt/ouxt_automation/robotx_ws/install/miniv_description:/home/ouxt/ouxt_automation/robotx_ws/install/usv_controller:/home/ouxt/ouxt_automation/robotx_ws/install/robotx_communication:/home/ouxt/ouxt_automation/robotx_ws/install/miniv_control:/home/ouxt/ouxt_automation/robotx_ws/install/tcp_sender:/home/ouxt/ouxt_automation/robotx_ws/install/srt:/home/ouxt/ouxt_automation/robotx_ws/install/ros_kvh1750:/home/ouxt/ouxt_automation/robotx_ws/install/serial:/home/ouxt/ouxt_automation/robotx_ws/install/playstation_controller_drivers:/home/ouxt/ouxt_automation/robotx_ws/install/sdl2_vendor2:/home/ouxt/ouxt_automation/robotx_ws/install/perception_bringup:/home/ouxt/ouxt_automation/robotx_ws/install/scan_segmentation:/home/ouxt/ouxt_automation/robotx_ws/install/robotx_msgs:/home/ouxt/ouxt_automation/robotx_ws/install/robotx_ekf:/home/ouxt/ouxt_automation/robotx_ws/install/robotx_costmap_calculator:/home/ouxt/ouxt_automation/robotx_ws/install/robotx_bt_planner:/home/ouxt/ouxt_automation/robotx_ws/install/robotx_behavior_tree:/home/ouxt/ouxt_automation/robotx_ws/install/robotx_behavior_msgs:/home/ouxt/ouxt_automation/robotx_ws/install/pure_pursuit_planner:/home/ouxt/ouxt_automation/robotx_ws/install/perception:/home/ouxt/ouxt_automation/robotx_ws/install/pcl_apps:/home/ouxt/ouxt_automation/robotx_ws/install/perception_msgs:/home/ouxt/ouxt_automation/robotx_ws/install/pcl_apps_msgs:/home/ouxt/ouxt_automation/robotx_ws/install/odom_frame_publisher:/home/ouxt/ouxt_automation/robotx_ws/install/nmea_to_geopose:/home/ouxt/ouxt_automation/robotx_ws/install/nmea_hardware_interface:/home/ouxt/ouxt_automation/robotx_ws/install/nmea_gps_driver:/home/ouxt/ouxt_automation/robotx_ws/install/ndt_omp:/home/ouxt/ouxt_automation/robotx_ws/install/mock_server:/home/ouxt/ouxt_automation/robotx_ws/install/lidar_camera_fusion:/home/ouxt/ouxt_automation/robotx_ws/install/message_synchronizer:/home/ouxt/ouxt_automation/robotx_ws/install/lua_vendor:/home/ouxt/ouxt_automation/robotx_ws/install/local_waypoint_server:/home/ouxt/ouxt_automation/robotx_ws/install/joy_to_twist:/home/ouxt/ouxt_automation/robotx_ws/install/image_processing_utils:/home/ouxt/ouxt_automation/robotx_ws/install/hungarian_solver:/home/ouxt/ouxt_automation/robotx_ws/install/hermite_path_planner:/home/ouxt/ouxt_automation/robotx_ws/install/hermite_path_msgs:/home/ouxt/ouxt_automation/robotx_ws/install/geometry_msgs_data_buffer:/home/ouxt/ouxt_automation/robotx_ws/install/geographic_info:/home/ouxt/ouxt_automation/robotx_ws/install/geographic_conversion:/home/ouxt/ouxt_automation/robotx_ws/install/geodesy:/home/ouxt/ouxt_automation/robotx_ws/install/geographic_msgs:/home/ouxt/ouxt_automation/robotx_ws/install/dynamixel_hardware_interface:/home/ouxt/ouxt_automation/robotx_ws/install/data_buffer:/home/ouxt/ouxt_automation/robotx_ws/install/boost_geometry_util:/home/ouxt/ouxt_automation/robotx_ws/install/behavior_tree_action_builder:/opt/ros/humble LD_LIBRARY_PATH=/home/ouxt/ouxt_automation/robotx_ws/src/testing/srt_bridge/install/srt_vendor/lib:${LD_LIBRARY_PATH} PATH=/home/ouxt/ouxt_automation/robotx_ws/src/testing/srt_bridge/install/srt_vendor/bin:${PATH} /usr/bin/cmake /home/ouxt/ouxt_automation/robotx_ws/src/testing/srt_bridge/srt_bridge -DCMAKE_INSTALL_PREFIX=/home/ouxt/ouxt_automation/robotx_ws/src/testing/srt_bridge/install/srt_bridge
[5.540s] DEBUG:colcon.colcon_core.event_handler.log_command:Invoked command in '/home/ouxt/ouxt_automation/robotx_ws/src/testing/srt_bridge/build/srt_bridge' returned '0': AMENT_PREFIX_PATH=/home/ouxt/ouxt_automation/robotx_ws/src/testing/srt_bridge/install/srt_vendor:${AMENT_PREFIX_PATH} CMAKE_PREFIX_PATH=/home/ouxt/ouxt_automation/robotx_ws/src/testing/srt_bridge/install/srt_vendor:/home/ouxt/ouxt_automation/robotx_ws/install/navi_sim:/home/ouxt/ouxt_automation/robotx_ws/install/wamv_description:/home/ouxt/ouxt_automation/robotx_ws/install/wamv_control:/home/ouxt/ouxt_automation/robotx_ws/install/robotx_planner_bringup:/home/ouxt/ouxt_automation/robotx_ws/install/hermite_path_planner_bringup:/home/ouxt/ouxt_automation/robotx_ws/install/velocity_planner:/home/ouxt/ouxt_automation/robotx_ws/install/miniv_description:/home/ouxt/ouxt_automation/robotx_ws/install/usv_controller:/home/ouxt/ouxt_automation/robotx_ws/install/robotx_communication:/home/ouxt/ouxt_automation/robotx_ws/install/miniv_control:/home/ouxt/ouxt_automation/robotx_ws/install/tcp_sender:/home/ouxt/ouxt_automation/robotx_ws/install/srt:/home/ouxt/ouxt_automation/robotx_ws/install/ros_kvh1750:/home/ouxt/ouxt_automation/robotx_ws/install/serial:/home/ouxt/ouxt_automation/robotx_ws/install/playstation_controller_drivers:/home/ouxt/ouxt_automation/robotx_ws/install/sdl2_vendor2:/home/ouxt/ouxt_automation/robotx_ws/install/perception_bringup:/home/ouxt/ouxt_automation/robotx_ws/install/scan_segmentation:/home/ouxt/ouxt_automation/robotx_ws/install/robotx_msgs:/home/ouxt/ouxt_automation/robotx_ws/install/robotx_ekf:/home/ouxt/ouxt_automation/robotx_ws/install/robotx_costmap_calculator:/home/ouxt/ouxt_automation/robotx_ws/install/robotx_bt_planner:/home/ouxt/ouxt_automation/robotx_ws/install/robotx_behavior_tree:/home/ouxt/ouxt_automation/robotx_ws/install/robotx_behavior_msgs:/home/ouxt/ouxt_automation/robotx_ws/install/pure_pursuit_planner:/home/ouxt/ouxt_automation/robotx_ws/install/perception:/home/ouxt/ouxt_automation/robotx_ws/install/pcl_apps:/home/ouxt/ouxt_automation/robotx_ws/install/perception_msgs:/home/ouxt/ouxt_automation/robotx_ws/install/pcl_apps_msgs:/home/ouxt/ouxt_automation/robotx_ws/install/odom_frame_publisher:/home/ouxt/ouxt_automation/robotx_ws/install/nmea_to_geopose:/home/ouxt/ouxt_automation/robotx_ws/install/nmea_hardware_interface:/home/ouxt/ouxt_automation/robotx_ws/install/nmea_gps_driver:/home/ouxt/ouxt_automation/robotx_ws/install/ndt_omp:/home/ouxt/ouxt_automation/robotx_ws/install/mock_server:/home/ouxt/ouxt_automation/robotx_ws/install/lidar_camera_fusion:/home/ouxt/ouxt_automation/robotx_ws/install/message_synchronizer:/home/ouxt/ouxt_automation/robotx_ws/install/lua_vendor:/home/ouxt/ouxt_automation/robotx_ws/install/local_waypoint_server:/home/ouxt/ouxt_automation/robotx_ws/install/joy_to_twist:/home/ouxt/ouxt_automation/robotx_ws/install/image_processing_utils:/home/ouxt/ouxt_automation/robotx_ws/install/hungarian_solver:/home/ouxt/ouxt_automation/robotx_ws/install/hermite_path_planner:/home/ouxt/ouxt_automation/robotx_ws/install/hermite_path_msgs:/home/ouxt/ouxt_automation/robotx_ws/install/geometry_msgs_data_buffer:/home/ouxt/ouxt_automation/robotx_ws/install/geographic_info:/home/ouxt/ouxt_automation/robotx_ws/install/geographic_conversion:/home/ouxt/ouxt_automation/robotx_ws/install/geodesy:/home/ouxt/ouxt_automation/robotx_ws/install/geographic_msgs:/home/ouxt/ouxt_automation/robotx_ws/install/dynamixel_hardware_interface:/home/ouxt/ouxt_automation/robotx_ws/install/data_buffer:/home/ouxt/ouxt_automation/robotx_ws/install/boost_geometry_util:/home/ouxt/ouxt_automation/robotx_ws/install/behavior_tree_action_builder:/opt/ros/humble LD_LIBRARY_PATH=/home/ouxt/ouxt_automation/robotx_ws/src/testing/srt_bridge/install/srt_vendor/lib:${LD_LIBRARY_PATH} PATH=/home/ouxt/ouxt_automation/robotx_ws/src/testing/srt_bridge/install/srt_vendor/bin:${PATH} /usr/bin/cmake /home/ouxt/ouxt_automation/robotx_ws/src/testing/srt_bridge/srt_bridge -DCMAKE_INSTALL_PREFIX=/home/ouxt/ouxt_automation/robotx_ws/src/testing/srt_bridge/install/srt_bridge
[5.541s] DEBUG:colcon.colcon_core.event_handler.log_command:Invoking command in '/home/ouxt/ouxt_automation/robotx_ws/src/testing/srt_bridge/build/srt_bridge': AMENT_PREFIX_PATH=/home/ouxt/ouxt_automation/robotx_ws/src/testing/srt_bridge/install/srt_vendor:${AMENT_PREFIX_PATH} CMAKE_PREFIX_PATH=/home/ouxt/ouxt_automation/robotx_ws/src/testing/srt_bridge/install/srt_vendor:/home/ouxt/ouxt_automation/robotx_ws/install/navi_sim:/home/ouxt/ouxt_automation/robotx_ws/install/wamv_description:/home/ouxt/ouxt_automation/robotx_ws/install/wamv_control:/home/ouxt/ouxt_automation/robotx_ws/install/robotx_planner_bringup:/home/ouxt/ouxt_automation/robotx_ws/install/hermite_path_planner_bringup:/home/ouxt/ouxt_automation/robotx_ws/install/velocity_planner:/home/ouxt/ouxt_automation/robotx_ws/install/miniv_description:/home/ouxt/ouxt_automation/robotx_ws/install/usv_controller:/home/ouxt/ouxt_automation/robotx_ws/install/robotx_communication:/home/ouxt/ouxt_automation/robotx_ws/install/miniv_control:/home/ouxt/ouxt_automation/robotx_ws/install/tcp_sender:/home/ouxt/ouxt_automation/robotx_ws/install/srt:/home/ouxt/ouxt_automation/robotx_ws/install/ros_kvh1750:/home/ouxt/ouxt_automation/robotx_ws/install/serial:/home/ouxt/ouxt_automation/robotx_ws/install/playstation_controller_drivers:/home/ouxt/ouxt_automation/robotx_ws/install/sdl2_vendor2:/home/ouxt/ouxt_automation/robotx_ws/install/perception_bringup:/home/ouxt/ouxt_automation/robotx_ws/install/scan_segmentation:/home/ouxt/ouxt_automation/robotx_ws/install/robotx_msgs:/home/ouxt/ouxt_automation/robotx_ws/install/robotx_ekf:/home/ouxt/ouxt_automation/robotx_ws/install/robotx_costmap_calculator:/home/ouxt/ouxt_automation/robotx_ws/install/robotx_bt_planner:/home/ouxt/ouxt_automation/robotx_ws/install/robotx_behavior_tree:/home/ouxt/ouxt_automation/robotx_ws/install/robotx_behavior_msgs:/home/ouxt/ouxt_automation/robotx_ws/install/pure_pursuit_planner:/home/ouxt/ouxt_automation/robotx_ws/install/perception:/home/ouxt/ouxt_automation/robotx_ws/install/pcl_apps:/home/ouxt/ouxt_automation/robotx_ws/install/perception_msgs:/home/ouxt/ouxt_automation/robotx_ws/install/pcl_apps_msgs:/home/ouxt/ouxt_automation/robotx_ws/install/odom_frame_publisher:/home/ouxt/ouxt_automation/robotx_ws/install/nmea_to_geopose:/home/ouxt/ouxt_automation/robotx_ws/install/nmea_hardware_interface:/home/ouxt/ouxt_automation/robotx_ws/install/nmea_gps_driver:/home/ouxt/ouxt_automation/robotx_ws/install/ndt_omp:/home/ouxt/ouxt_automation/robotx_ws/install/mock_server:/home/ouxt/ouxt_automation/robotx_ws/install/lidar_camera_fusion:/home/ouxt/ouxt_automation/robotx_ws/install/message_synchronizer:/home/ouxt/ouxt_automation/robotx_ws/install/lua_vendor:/home/ouxt/ouxt_automation/robotx_ws/install/local_waypoint_server:/home/ouxt/ouxt_automation/robotx_ws/install/joy_to_twist:/home/ouxt/ouxt_automation/robotx_ws/install/image_processing_utils:/home/ouxt/ouxt_automation/robotx_ws/install/hungarian_solver:/home/ouxt/ouxt_automation/robotx_ws/install/hermite_path_planner:/home/ouxt/ouxt_automation/robotx_ws/install/hermite_path_msgs:/home/ouxt/ouxt_automation/robotx_ws/install/geometry_msgs_data_buffer:/home/ouxt/ouxt_automation/robotx_ws/install/geographic_info:/home/ouxt/ouxt_automation/robotx_ws/install/geographic_conversion:/home/ouxt/ouxt_automation/robotx_ws/install/geodesy:/home/ouxt/ouxt_automation/robotx_ws/install/geographic_msgs:/home/ouxt/ouxt_automation/robotx_ws/install/dynamixel_hardware_interface:/home/ouxt/ouxt_automation/robotx_ws/install/data_buffer:/home/ouxt/ouxt_automation/robotx_ws/install/boost_geometry_util:/home/ouxt/ouxt_automation/robotx_ws/install/behavior_tree_action_builder:/opt/ros/humble LD_LIBRARY_PATH=/home/ouxt/ouxt_automation/robotx_ws/src/testing/srt_bridge/install/srt_vendor/lib:${LD_LIBRARY_PATH} PATH=/home/ouxt/ouxt_automation/robotx_ws/src/testing/srt_bridge/install/srt_vendor/bin:${PATH} /usr/bin/cmake --build /home/ouxt/ouxt_automation/robotx_ws/src/testing/srt_bridge/build/srt_bridge -- -j4 -l4
[5.986s] DEBUG:colcon.colcon_core.event_handler.log_command:Invoked command in '/home/ouxt/ouxt_automation/robotx_ws/src/testing/srt_bridge/build/srt_bridge' returned '0': AMENT_PREFIX_PATH=/home/ouxt/ouxt_automation/robotx_ws/src/testing/srt_bridge/install/srt_vendor:${AMENT_PREFIX_PATH} CMAKE_PREFIX_PATH=/home/ouxt/ouxt_automation/robotx_ws/src/testing/srt_bridge/install/srt_vendor:/home/ouxt/ouxt_automation/robotx_ws/install/navi_sim:/home/ouxt/ouxt_automation/robotx_ws/install/wamv_description:/home/ouxt/ouxt_automation/robotx_ws/install/wamv_control:/home/ouxt/ouxt_automation/robotx_ws/install/robotx_planner_bringup:/home/ouxt/ouxt_automation/robotx_ws/install/hermite_path_planner_bringup:/home/ouxt/ouxt_automation/robotx_ws/install/velocity_planner:/home/ouxt/ouxt_automation/robotx_ws/install/miniv_description:/home/ouxt/ouxt_automation/robotx_ws/install/usv_controller:/home/ouxt/ouxt_automation/robotx_ws/install/robotx_communication:/home/ouxt/ouxt_automation/robotx_ws/install/miniv_control:/home/ouxt/ouxt_automation/robotx_ws/install/tcp_sender:/home/ouxt/ouxt_automation/robotx_ws/install/srt:/home/ouxt/ouxt_automation/robotx_ws/install/ros_kvh1750:/home/ouxt/ouxt_automation/robotx_ws/install/serial:/home/ouxt/ouxt_automation/robotx_ws/install/playstation_controller_drivers:/home/ouxt/ouxt_automation/robotx_ws/install/sdl2_vendor2:/home/ouxt/ouxt_automation/robotx_ws/install/perception_bringup:/home/ouxt/ouxt_automation/robotx_ws/install/scan_segmentation:/home/ouxt/ouxt_automation/robotx_ws/install/robotx_msgs:/home/ouxt/ouxt_automation/robotx_ws/install/robotx_ekf:/home/ouxt/ouxt_automation/robotx_ws/install/robotx_costmap_calculator:/home/ouxt/ouxt_automation/robotx_ws/install/robotx_bt_planner:/home/ouxt/ouxt_automation/robotx_ws/install/robotx_behavior_tree:/home/ouxt/ouxt_automation/robotx_ws/install/robotx_behavior_msgs:/home/ouxt/ouxt_automation/robotx_ws/install/pure_pursuit_planner:/home/ouxt/ouxt_automation/robotx_ws/install/perception:/home/ouxt/ouxt_automation/robotx_ws/install/pcl_apps:/home/ouxt/ouxt_automation/robotx_ws/install/perception_msgs:/home/ouxt/ouxt_automation/robotx_ws/install/pcl_apps_msgs:/home/ouxt/ouxt_automation/robotx_ws/install/odom_frame_publisher:/home/ouxt/ouxt_automation/robotx_ws/install/nmea_to_geopose:/home/ouxt/ouxt_automation/robotx_ws/install/nmea_hardware_interface:/home/ouxt/ouxt_automation/robotx_ws/install/nmea_gps_driver:/home/ouxt/ouxt_automation/robotx_ws/install/ndt_omp:/home/ouxt/ouxt_automation/robotx_ws/install/mock_server:/home/ouxt/ouxt_automation/robotx_ws/install/lidar_camera_fusion:/home/ouxt/ouxt_automation/robotx_ws/install/message_synchronizer:/home/ouxt/ouxt_automation/robotx_ws/install/lua_vendor:/home/ouxt/ouxt_automation/robotx_ws/install/local_waypoint_server:/home/ouxt/ouxt_automation/robotx_ws/install/joy_to_twist:/home/ouxt/ouxt_automation/robotx_ws/install/image_processing_utils:/home/ouxt/ouxt_automation/robotx_ws/install/hungarian_solver:/home/ouxt/ouxt_automation/robotx_ws/install/hermite_path_planner:/home/ouxt/ouxt_automation/robotx_ws/install/hermite_path_msgs:/home/ouxt/ouxt_automation/robotx_ws/install/geometry_msgs_data_buffer:/home/ouxt/ouxt_automation/robotx_ws/install/geographic_info:/home/ouxt/ouxt_automation/robotx_ws/install/geographic_conversion:/home/ouxt/ouxt_automation/robotx_ws/install/geodesy:/home/ouxt/ouxt_automation/robotx_ws/install/geographic_msgs:/home/ouxt/ouxt_automation/robotx_ws/install/dynamixel_hardware_interface:/home/ouxt/ouxt_automation/robotx_ws/install/data_buffer:/home/ouxt/ouxt_automation/robotx_ws/install/boost_geometry_util:/home/ouxt/ouxt_automation/robotx_ws/install/behavior_tree_action_builder:/opt/ros/humble LD_LIBRARY_PATH=/home/ouxt/ouxt_automation/robotx_ws/src/testing/srt_bridge/install/srt_vendor/lib:${LD_LIBRARY_PATH} PATH=/home/ouxt/ouxt_automation/robotx_ws/src/testing/srt_bridge/install/srt_vendor/bin:${PATH} /usr/bin/cmake --build /home/ouxt/ouxt_automation/robotx_ws/src/testing/srt_bridge/build/srt_bridge -- -j4 -l4
[6.066s] DEBUG:colcon.colcon_core.event_handler.log_command:Invoking command in '/home/ouxt/ouxt_automation/robotx_ws/src/testing/srt_bridge/build/srt_bridge': AMENT_PREFIX_PATH=/home/ouxt/ouxt_automation/robotx_ws/src/testing/srt_bridge/install/srt_vendor:${AMENT_PREFIX_PATH} CMAKE_PREFIX_PATH=/home/ouxt/ouxt_automation/robotx_ws/src/testing/srt_bridge/install/srt_vendor:/home/ouxt/ouxt_automation/robotx_ws/install/navi_sim:/home/ouxt/ouxt_automation/robotx_ws/install/wamv_description:/home/ouxt/ouxt_automation/robotx_ws/install/wamv_control:/home/ouxt/ouxt_automation/robotx_ws/install/robotx_planner_bringup:/home/ouxt/ouxt_automation/robotx_ws/install/hermite_path_planner_bringup:/home/ouxt/ouxt_automation/robotx_ws/install/velocity_planner:/home/ouxt/ouxt_automation/robotx_ws/install/miniv_description:/home/ouxt/ouxt_automation/robotx_ws/install/usv_controller:/home/ouxt/ouxt_automation/robotx_ws/install/robotx_communication:/home/ouxt/ouxt_automation/robotx_ws/install/miniv_control:/home/ouxt/ouxt_automation/robotx_ws/install/tcp_sender:/home/ouxt/ouxt_automation/robotx_ws/install/srt:/home/ouxt/ouxt_automation/robotx_ws/install/ros_kvh1750:/home/ouxt/ouxt_automation/robotx_ws/install/serial:/home/ouxt/ouxt_automation/robotx_ws/install/playstation_controller_drivers:/home/ouxt/ouxt_automation/robotx_ws/install/sdl2_vendor2:/home/ouxt/ouxt_automation/robotx_ws/install/perception_bringup:/home/ouxt/ouxt_automation/robotx_ws/install/scan_segmentation:/home/ouxt/ouxt_automation/robotx_ws/install/robotx_msgs:/home/ouxt/ouxt_automation/robotx_ws/install/robotx_ekf:/home/ouxt/ouxt_automation/robotx_ws/install/robotx_costmap_calculator:/home/ouxt/ouxt_automation/robotx_ws/install/robotx_bt_planner:/home/ouxt/ouxt_automation/robotx_ws/install/robotx_behavior_tree:/home/ouxt/ouxt_automation/robotx_ws/install/robotx_behavior_msgs:/home/ouxt/ouxt_automation/robotx_ws/install/pure_pursuit_planner:/home/ouxt/ouxt_automation/robotx_ws/install/perception:/home/ouxt/ouxt_automation/robotx_ws/install/pcl_apps:/home/ouxt/ouxt_automation/robotx_ws/install/perception_msgs:/home/ouxt/ouxt_automation/robotx_ws/install/pcl_apps_msgs:/home/ouxt/ouxt_automation/robotx_ws/install/odom_frame_publisher:/home/ouxt/ouxt_automation/robotx_ws/install/nmea_to_geopose:/home/ouxt/ouxt_automation/robotx_ws/install/nmea_hardware_interface:/home/ouxt/ouxt_automation/robotx_ws/install/nmea_gps_driver:/home/ouxt/ouxt_automation/robotx_ws/install/ndt_omp:/home/ouxt/ouxt_automation/robotx_ws/install/mock_server:/home/ouxt/ouxt_automation/robotx_ws/install/lidar_camera_fusion:/home/ouxt/ouxt_automation/robotx_ws/install/message_synchronizer:/home/ouxt/ouxt_automation/robotx_ws/install/lua_vendor:/home/ouxt/ouxt_automation/robotx_ws/install/local_waypoint_server:/home/ouxt/ouxt_automation/robotx_ws/install/joy_to_twist:/home/ouxt/ouxt_automation/robotx_ws/install/image_processing_utils:/home/ouxt/ouxt_automation/robotx_ws/install/hungarian_solver:/home/ouxt/ouxt_automation/robotx_ws/install/hermite_path_planner:/home/ouxt/ouxt_automation/robotx_ws/install/hermite_path_msgs:/home/ouxt/ouxt_automation/robotx_ws/install/geometry_msgs_data_buffer:/home/ouxt/ouxt_automation/robotx_ws/install/geographic_info:/home/ouxt/ouxt_automation/robotx_ws/install/geographic_conversion:/home/ouxt/ouxt_automation/robotx_ws/install/geodesy:/home/ouxt/ouxt_automation/robotx_ws/install/geographic_msgs:/home/ouxt/ouxt_automation/robotx_ws/install/dynamixel_hardware_interface:/home/ouxt/ouxt_automation/robotx_ws/install/data_buffer:/home/ouxt/ouxt_automation/robotx_ws/install/boost_geometry_util:/home/ouxt/ouxt_automation/robotx_ws/install/behavior_tree_action_builder:/opt/ros/humble LD_LIBRARY_PATH=/home/ouxt/ouxt_automation/robotx_ws/src/testing/srt_bridge/install/srt_vendor/lib:${LD_LIBRARY_PATH} PATH=/home/ouxt/ouxt_automation/robotx_ws/src/testing/srt_bridge/install/srt_vendor/bin:${PATH} /usr/bin/cmake --install /home/ouxt/ouxt_automation/robotx_ws/src/testing/srt_bridge/build/srt_bridge
[6.089s] Level 1:colcon.colcon_core.environment:create_environment_scripts_only(srt_bridge)
[6.093s] Level 1:colcon.colcon_core.environment:checking '/home/ouxt/ouxt_automation/robotx_ws/src/testing/srt_bridge/install/srt_bridge' for CMake module files
[6.095s] DEBUG:colcon.colcon_core.event_handler.log_command:Invoked command in '/home/ouxt/ouxt_automation/robotx_ws/src/testing/srt_bridge/build/srt_bridge' returned '0': AMENT_PREFIX_PATH=/home/ouxt/ouxt_automation/robotx_ws/src/testing/srt_bridge/install/srt_vendor:${AMENT_PREFIX_PATH} CMAKE_PREFIX_PATH=/home/ouxt/ouxt_automation/robotx_ws/src/testing/srt_bridge/install/srt_vendor:/home/ouxt/ouxt_automation/robotx_ws/install/navi_sim:/home/ouxt/ouxt_automation/robotx_ws/install/wamv_description:/home/ouxt/ouxt_automation/robotx_ws/install/wamv_control:/home/ouxt/ouxt_automation/robotx_ws/install/robotx_planner_bringup:/home/ouxt/ouxt_automation/robotx_ws/install/hermite_path_planner_bringup:/home/ouxt/ouxt_automation/robotx_ws/install/velocity_planner:/home/ouxt/ouxt_automation/robotx_ws/install/miniv_description:/home/ouxt/ouxt_automation/robotx_ws/install/usv_controller:/home/ouxt/ouxt_automation/robotx_ws/install/robotx_communication:/home/ouxt/ouxt_automation/robotx_ws/install/miniv_control:/home/ouxt/ouxt_automation/robotx_ws/install/tcp_sender:/home/ouxt/ouxt_automation/robotx_ws/install/srt:/home/ouxt/ouxt_automation/robotx_ws/install/ros_kvh1750:/home/ouxt/ouxt_automation/robotx_ws/install/serial:/home/ouxt/ouxt_automation/robotx_ws/install/playstation_controller_drivers:/home/ouxt/ouxt_automation/robotx_ws/install/sdl2_vendor2:/home/ouxt/ouxt_automation/robotx_ws/install/perception_bringup:/home/ouxt/ouxt_automation/robotx_ws/install/scan_segmentation:/home/ouxt/ouxt_automation/robotx_ws/install/robotx_msgs:/home/ouxt/ouxt_automation/robotx_ws/install/robotx_ekf:/home/ouxt/ouxt_automation/robotx_ws/install/robotx_costmap_calculator:/home/ouxt/ouxt_automation/robotx_ws/install/robotx_bt_planner:/home/ouxt/ouxt_automation/robotx_ws/install/robotx_behavior_tree:/home/ouxt/ouxt_automation/robotx_ws/install/robotx_behavior_msgs:/home/ouxt/ouxt_automation/robotx_ws/install/pure_pursuit_planner:/home/ouxt/ouxt_automation/robotx_ws/install/perception:/home/ouxt/ouxt_automation/robotx_ws/install/pcl_apps:/home/ouxt/ouxt_automation/robotx_ws/install/perception_msgs:/home/ouxt/ouxt_automation/robotx_ws/install/pcl_apps_msgs:/home/ouxt/ouxt_automation/robotx_ws/install/odom_frame_publisher:/home/ouxt/ouxt_automation/robotx_ws/install/nmea_to_geopose:/home/ouxt/ouxt_automation/robotx_ws/install/nmea_hardware_interface:/home/ouxt/ouxt_automation/robotx_ws/install/nmea_gps_driver:/home/ouxt/ouxt_automation/robotx_ws/install/ndt_omp:/home/ouxt/ouxt_automation/robotx_ws/install/mock_server:/home/ouxt/ouxt_automation/robotx_ws/install/lidar_camera_fusion:/home/ouxt/ouxt_automation/robotx_ws/install/message_synchronizer:/home/ouxt/ouxt_automation/robotx_ws/install/lua_vendor:/home/ouxt/ouxt_automation/robotx_ws/install/local_waypoint_server:/home/ouxt/ouxt_automation/robotx_ws/install/joy_to_twist:/home/ouxt/ouxt_automation/robotx_ws/install/image_processing_utils:/home/ouxt/ouxt_automation/robotx_ws/install/hungarian_solver:/home/ouxt/ouxt_automation/robotx_ws/install/hermite_path_planner:/home/ouxt/ouxt_automation/robotx_ws/install/hermite_path_msgs:/home/ouxt/ouxt_automation/robotx_ws/install/geometry_msgs_data_buffer:/home/ouxt/ouxt_automation/robotx_ws/install/geographic_info:/home/ouxt/ouxt_automation/robotx_ws/install/geographic_conversion:/home/ouxt/ouxt_automation/robotx_ws/install/geodesy:/home/ouxt/ouxt_automation/robotx_ws/install/geographic_msgs:/home/ouxt/ouxt_automation/robotx_ws/install/dynamixel_hardware_interface:/home/ouxt/ouxt_automation/robotx_ws/install/data_buffer:/home/ouxt/ouxt_automation/robotx_ws/install/boost_geometry_util:/home/ouxt/ouxt_automation/robotx_ws/install/behavior_tree_action_builder:/opt/ros/humble LD_LIBRARY_PATH=/home/ouxt/ouxt_automation/robotx_ws/src/testing/srt_bridge/install/srt_vendor/lib:${LD_LIBRARY_PATH} PATH=/home/ouxt/ouxt_automation/robotx_ws/src/testing/srt_bridge/install/srt_vendor/bin:${PATH} /usr/bin/cmake --install /home/ouxt/ouxt_automation/robotx_ws/src/testing/srt_bridge/build/srt_bridge
[6.096s] Level 1:colcon.colcon_core.environment:checking '/home/ouxt/ouxt_automation/robotx_ws/src/testing/srt_bridge/install/srt_bridge' for CMake config files
[6.096s] Level 1:colcon.colcon_core.shell:create_environment_hook('srt_bridge', 'cmake_prefix_path')
[6.098s] INFO:colcon.colcon_core.shell:Creating environment hook '/home/ouxt/ouxt_automation/robotx_ws/src/testing/srt_bridge/install/srt_bridge/share/srt_bridge/hook/cmake_prefix_path.ps1'
[6.099s] INFO:colcon.colcon_core.shell:Creating environment descriptor '/home/ouxt/ouxt_automation/robotx_ws/src/testing/srt_bridge/install/srt_bridge/share/srt_bridge/hook/cmake_prefix_path.dsv'
[6.100s] INFO:colcon.colcon_core.shell:Creating environment hook '/home/ouxt/ouxt_automation/robotx_ws/src/testing/srt_bridge/install/srt_bridge/share/srt_bridge/hook/cmake_prefix_path.sh'
[6.100s] Level 1:colcon.colcon_core.environment:checking '/home/ouxt/ouxt_automation/robotx_ws/src/testing/srt_bridge/install/srt_bridge/bin'
[6.100s] Level 1:colcon.colcon_core.environment:checking '/home/ouxt/ouxt_automation/robotx_ws/src/testing/srt_bridge/install/srt_bridge/lib/pkgconfig/srt_bridge.pc'
[6.101s] Level 1:colcon.colcon_core.environment:checking '/home/ouxt/ouxt_automation/robotx_ws/src/testing/srt_bridge/install/srt_bridge/lib/python3.10/site-packages'
[6.101s] Level 1:colcon.colcon_core.environment:checking '/home/ouxt/ouxt_automation/robotx_ws/src/testing/srt_bridge/install/srt_bridge/bin'
[6.103s] INFO:colcon.colcon_core.shell:Creating package script '/home/ouxt/ouxt_automation/robotx_ws/src/testing/srt_bridge/install/srt_bridge/share/srt_bridge/package.ps1'
[6.104s] INFO:colcon.colcon_core.shell:Creating package descriptor '/home/ouxt/ouxt_automation/robotx_ws/src/testing/srt_bridge/install/srt_bridge/share/srt_bridge/package.dsv'
[6.104s] INFO:colcon.colcon_core.shell:Creating package script '/home/ouxt/ouxt_automation/robotx_ws/src/testing/srt_bridge/install/srt_bridge/share/srt_bridge/package.sh'
[6.105s] INFO:colcon.colcon_core.shell:Creating package script '/home/ouxt/ouxt_automation/robotx_ws/src/testing/srt_bridge/install/srt_bridge/share/srt_bridge/package.bash'
[6.105s] INFO:colcon.colcon_core.shell:Creating package script '/home/ouxt/ouxt_automation/robotx_ws/src/testing/srt_bridge/install/srt_bridge/share/srt_bridge/package.zsh'
[6.106s] Level 1:colcon.colcon_core.environment:create_file_with_runtime_dependencies(/home/ouxt/ouxt_automation/robotx_ws/src/testing/srt_bridge/install/srt_bridge/share/colcon-core/packages/srt_bridge)
[6.183s] Level 1:colcon.colcon_core.environment:create_environment_scripts_only(srt_bridge)
[6.186s] Level 1:colcon.colcon_core.environment:checking '/home/ouxt/ouxt_automation/robotx_ws/src/testing/srt_bridge/install/srt_bridge' for CMake module files
[6.187s] Level 1:colcon.colcon_core.environment:checking '/home/ouxt/ouxt_automation/robotx_ws/src/testing/srt_bridge/install/srt_bridge' for CMake config files
[6.187s] Level 1:colcon.colcon_core.shell:create_environment_hook('srt_bridge', 'cmake_prefix_path')
[6.189s] INFO:colcon.colcon_core.shell:Creating environment hook '/home/ouxt/ouxt_automation/robotx_ws/src/testing/srt_bridge/install/srt_bridge/share/srt_bridge/hook/cmake_prefix_path.ps1'
[6.189s] INFO:colcon.colcon_core.shell:Creating environment descriptor '/home/ouxt/ouxt_automation/robotx_ws/src/testing/srt_bridge/install/srt_bridge/share/srt_bridge/hook/cmake_prefix_path.dsv'
[6.190s] INFO:colcon.colcon_core.shell:Creating environment hook '/home/ouxt/ouxt_automation/robotx_ws/src/testing/srt_bridge/install/srt_bridge/share/srt_bridge/hook/cmake_prefix_path.sh'
[6.191s] Level 1:colcon.colcon_core.environment:checking '/home/ouxt/ouxt_automation/robotx_ws/src/testing/srt_bridge/install/srt_bridge/bin'
[6.191s] Level 1:colcon.colcon_core.environment:checking '/home/ouxt/ouxt_automation/robotx_ws/src/testing/srt_bridge/install/srt_bridge/lib/pkgconfig/srt_bridge.pc'
[6.191s] Level 1:colcon.colcon_core.environment:checking '/home/ouxt/ouxt_automation/robotx_ws/src/testing/srt_bridge/install/srt_bridge/lib/python3.10/site-packages'
[6.192s] Level 1:colcon.colcon_core.environment:checking '/home/ouxt/ouxt_automation/robotx_ws/src/testing/srt_bridge/install/srt_bridge/bin'
[6.194s] INFO:colcon.colcon_core.shell:Creating package script '/home/ouxt/ouxt_automation/robotx_ws/src/testing/srt_bridge/install/srt_bridge/share/srt_bridge/package.ps1'
[6.194s] INFO:colcon.colcon_core.shell:Creating package descriptor '/home/ouxt/ouxt_automation/robotx_ws/src/testing/srt_bridge/install/srt_bridge/share/srt_bridge/package.dsv'
[6.195s] INFO:colcon.colcon_core.shell:Creating package script '/home/ouxt/ouxt_automation/robotx_ws/src/testing/srt_bridge/install/srt_bridge/share/srt_bridge/package.sh'
[6.196s] INFO:colcon.colcon_core.shell:Creating package script '/home/ouxt/ouxt_automation/robotx_ws/src/testing/srt_bridge/install/srt_bridge/share/srt_bridge/package.bash'
[6.197s] INFO:colcon.colcon_core.shell:Creating package script '/home/ouxt/ouxt_automation/robotx_ws/src/testing/srt_bridge/install/srt_bridge/share/srt_bridge/package.zsh'
[6.197s] Level 1:colcon.colcon_core.environment:create_file_with_runtime_dependencies(/home/ouxt/ouxt_automation/robotx_ws/src/testing/srt_bridge/install/srt_bridge/share/colcon-core/packages/srt_bridge)
[6.198s] DEBUG:colcon.colcon_parallel_executor.executor.parallel:closing loop
[6.198s] DEBUG:colcon.colcon_parallel_executor.executor.parallel:loop closed
[6.198s] DEBUG:colcon.colcon_parallel_executor.executor.parallel:run_until_complete finished with '0'
[6.199s] DEBUG:colcon.colcon_core.event_reactor:joining thread
[6.206s] INFO:colcon.colcon_core.plugin_system:Skipping extension 'colcon_notification.desktop_notification.terminal_notifier': Not used on non-Darwin systems
[6.206s] INFO:colcon.colcon_core.plugin_system:Skipping extension 'colcon_notification.desktop_notification.win32': Not used on non-Windows systems
[6.207s] INFO:colcon.colcon_notification.desktop_notification:Sending desktop notification using 'notify2'
[6.216s] DEBUG:colcon.colcon_core.event_reactor:joined thread
[6.219s] INFO:colcon.colcon_core.shell:Creating prefix script '/home/ouxt/ouxt_automation/robotx_ws/src/testing/srt_bridge/install/local_setup.ps1'
[6.221s] INFO:colcon.colcon_core.shell:Creating prefix util module '/home/ouxt/ouxt_automation/robotx_ws/src/testing/srt_bridge/install/_local_setup_util_ps1.py'
[6.225s] INFO:colcon.colcon_core.shell:Creating prefix chain script '/home/ouxt/ouxt_automation/robotx_ws/src/testing/srt_bridge/install/setup.ps1'
[6.230s] INFO:colcon.colcon_core.shell:Creating prefix script '/home/ouxt/ouxt_automation/robotx_ws/src/testing/srt_bridge/install/local_setup.sh'
[6.230s] INFO:colcon.colcon_core.shell:Creating prefix util module '/home/ouxt/ouxt_automation/robotx_ws/src/testing/srt_bridge/install/_local_setup_util_sh.py'
[6.231s] INFO:colcon.colcon_core.shell:Creating prefix chain script '/home/ouxt/ouxt_automation/robotx_ws/src/testing/srt_bridge/install/setup.sh'
[6.239s] INFO:colcon.colcon_core.shell:Creating prefix script '/home/ouxt/ouxt_automation/robotx_ws/src/testing/srt_bridge/install/local_setup.bash'
[6.241s] INFO:colcon.colcon_core.shell:Creating prefix chain script '/home/ouxt/ouxt_automation/robotx_ws/src/testing/srt_bridge/install/setup.bash'
[6.246s] INFO:colcon.colcon_core.shell:Creating prefix script '/home/ouxt/ouxt_automation/robotx_ws/src/testing/srt_bridge/install/local_setup.zsh'
[6.247s] INFO:colcon.colcon_core.shell:Creating prefix chain script '/home/ouxt/ouxt_automation/robotx_ws/src/testing/srt_bridge/install/setup.zsh'
