Determining if the pthread_getname_np exist failed with the following output:
Change Dir: /home/ouxt/ouxt_automation/robotx_ws/src/testing/srt_bridge/build/srt_vendor/srt_vendor-prefix/src/srt_vendor-build/CMakeFiles/CMakeTmp

Run Build Command(s):/usr/bin/gmake -f Makefile cmTC_1cd06/fast && gmake[3]: Entering directory '/home/ouxt/ouxt_automation/robotx_ws/src/testing/srt_bridge/build/srt_vendor/srt_vendor-prefix/src/srt_vendor-build/CMakeFiles/CMakeTmp'
/usr/bin/gmake  -f CMakeFiles/cmTC_1cd06.dir/build.make CMakeFiles/cmTC_1cd06.dir/build
gmake[4]: Entering directory '/home/ouxt/ouxt_automation/robotx_ws/src/testing/srt_bridge/build/srt_vendor/srt_vendor-prefix/src/srt_vendor-build/CMakeFiles/CMakeTmp'
Building C object CMakeFiles/cmTC_1cd06.dir/CheckSymbolExists.c.o
/usr/lib/ccache/gcc -D_DARWIN_C_SOURCE -D_GNU_SOURCE -D_POSIX_SOURCE=1  -pthread -o CMakeFiles/cmTC_1cd06.dir/CheckSymbolExists.c.o -c /home/ouxt/ouxt_automation/robotx_ws/src/testing/srt_bridge/build/srt_vendor/srt_vendor-prefix/src/srt_vendor-build/CMakeFiles/CMakeTmp/CheckSymbolExists.c
/home/ouxt/ouxt_automation/robotx_ws/src/testing/srt_bridge/build/srt_vendor/srt_vendor-prefix/src/srt_vendor-build/CMakeFiles/CMakeTmp/CheckSymbolExists.c:2:10: fatal error: pthread_np.h: No such file or directory
    2 | #include <pthread_np.h>
      |          ^~~~~~~~~~~~~~
compilation terminated.
gmake[4]: *** [CMakeFiles/cmTC_1cd06.dir/build.make:78: CMakeFiles/cmTC_1cd06.dir/CheckSymbolExists.c.o] Error 1
gmake[4]: Leaving directory '/home/ouxt/ouxt_automation/robotx_ws/src/testing/srt_bridge/build/srt_vendor/srt_vendor-prefix/src/srt_vendor-build/CMakeFiles/CMakeTmp'
gmake[3]: *** [Makefile:127: cmTC_1cd06/fast] Error 2
gmake[3]: Leaving directory '/home/ouxt/ouxt_automation/robotx_ws/src/testing/srt_bridge/build/srt_vendor/srt_vendor-prefix/src/srt_vendor-build/CMakeFiles/CMakeTmp'


File /home/ouxt/ouxt_automation/robotx_ws/src/testing/srt_bridge/build/srt_vendor/srt_vendor-prefix/src/srt_vendor-build/CMakeFiles/CMakeTmp/CheckSymbolExists.c:
/* */
#include <pthread_np.h>

int main(int argc, char** argv)
{
  (void)argv;
#ifndef pthread_getname_np
  return ((int*)(&pthread_getname_np))[argc];
#else
  (void)argc;
  return 0;
#endif
}
Determining if the pthread_setname_np exist failed with the following output:
Change Dir: /home/ouxt/ouxt_automation/robotx_ws/src/testing/srt_bridge/build/srt_vendor/srt_vendor-prefix/src/srt_vendor-build/CMakeFiles/CMakeTmp

Run Build Command(s):/usr/bin/gmake -f Makefile cmTC_bbe77/fast && gmake[3]: Entering directory '/home/ouxt/ouxt_automation/robotx_ws/src/testing/srt_bridge/build/srt_vendor/srt_vendor-prefix/src/srt_vendor-build/CMakeFiles/CMakeTmp'
/usr/bin/gmake  -f CMakeFiles/cmTC_bbe77.dir/build.make CMakeFiles/cmTC_bbe77.dir/build
gmake[4]: Entering directory '/home/ouxt/ouxt_automation/robotx_ws/src/testing/srt_bridge/build/srt_vendor/srt_vendor-prefix/src/srt_vendor-build/CMakeFiles/CMakeTmp'
Building C object CMakeFiles/cmTC_bbe77.dir/CheckSymbolExists.c.o
/usr/lib/ccache/gcc -D_DARWIN_C_SOURCE -D_GNU_SOURCE -D_POSIX_SOURCE=1  -pthread -o CMakeFiles/cmTC_bbe77.dir/CheckSymbolExists.c.o -c /home/ouxt/ouxt_automation/robotx_ws/src/testing/srt_bridge/build/srt_vendor/srt_vendor-prefix/src/srt_vendor-build/CMakeFiles/CMakeTmp/CheckSymbolExists.c
/home/ouxt/ouxt_automation/robotx_ws/src/testing/srt_bridge/build/srt_vendor/srt_vendor-prefix/src/srt_vendor-build/CMakeFiles/CMakeTmp/CheckSymbolExists.c:2:10: fatal error: pthread_np.h: No such file or directory
    2 | #include <pthread_np.h>
      |          ^~~~~~~~~~~~~~
compilation terminated.
gmake[4]: *** [CMakeFiles/cmTC_bbe77.dir/build.make:78: CMakeFiles/cmTC_bbe77.dir/CheckSymbolExists.c.o] Error 1
gmake[4]: Leaving directory '/home/ouxt/ouxt_automation/robotx_ws/src/testing/srt_bridge/build/srt_vendor/srt_vendor-prefix/src/srt_vendor-build/CMakeFiles/CMakeTmp'
gmake[3]: *** [Makefile:127: cmTC_bbe77/fast] Error 2
gmake[3]: Leaving directory '/home/ouxt/ouxt_automation/robotx_ws/src/testing/srt_bridge/build/srt_vendor/srt_vendor-prefix/src/srt_vendor-build/CMakeFiles/CMakeTmp'


File /home/ouxt/ouxt_automation/robotx_ws/src/testing/srt_bridge/build/srt_vendor/srt_vendor-prefix/src/srt_vendor-build/CMakeFiles/CMakeTmp/CheckSymbolExists.c:
/* */
#include <pthread_np.h>

int main(int argc, char** argv)
{
  (void)argv;
#ifndef pthread_setname_np
  return ((int*)(&pthread_setname_np))[argc];
#else
  (void)argc;
  return 0;
#endif
}
Determining if the pthread_getname_np exist failed with the following output:
Change Dir: /home/ouxt/ouxt_automation/robotx_ws/src/testing/srt_bridge/build/srt_vendor/srt_vendor-prefix/src/srt_vendor-build/CMakeFiles/CMakeTmp

Run Build Command(s):/usr/bin/gmake -f Makefile cmTC_b03c0/fast && gmake[3]: Entering directory '/home/ouxt/ouxt_automation/robotx_ws/src/testing/srt_bridge/build/srt_vendor/srt_vendor-prefix/src/srt_vendor-build/CMakeFiles/CMakeTmp'
/usr/bin/gmake  -f CMakeFiles/cmTC_b03c0.dir/build.make CMakeFiles/cmTC_b03c0.dir/build
gmake[4]: Entering directory '/home/ouxt/ouxt_automation/robotx_ws/src/testing/srt_bridge/build/srt_vendor/srt_vendor-prefix/src/srt_vendor-build/CMakeFiles/CMakeTmp'
Building C object CMakeFiles/cmTC_b03c0.dir/CheckSymbolExists.c.o
/usr/lib/ccache/gcc -D_DARWIN_C_SOURCE -D_GNU_SOURCE -D_POSIX_SOURCE=1  -pthread -o CMakeFiles/cmTC_b03c0.dir/CheckSymbolExists.c.o -c /home/ouxt/ouxt_automation/robotx_ws/src/testing/srt_bridge/build/srt_vendor/srt_vendor-prefix/src/srt_vendor-build/CMakeFiles/CMakeTmp/CheckSymbolExists.c
/home/ouxt/ouxt_automation/robotx_ws/src/testing/srt_bridge/build/srt_vendor/srt_vendor-prefix/src/srt_vendor-build/CMakeFiles/CMakeTmp/CheckSymbolExists.c:2:10: fatal error: pthread_np.h: No such file or directory
    2 | #include <pthread_np.h>
      |          ^~~~~~~~~~~~~~
compilation terminated.
gmake[4]: *** [CMakeFiles/cmTC_b03c0.dir/build.make:78: CMakeFiles/cmTC_b03c0.dir/CheckSymbolExists.c.o] Error 1
gmake[4]: Leaving directory '/home/ouxt/ouxt_automation/robotx_ws/src/testing/srt_bridge/build/srt_vendor/srt_vendor-prefix/src/srt_vendor-build/CMakeFiles/CMakeTmp'
gmake[3]: *** [Makefile:127: cmTC_b03c0/fast] Error 2
gmake[3]: Leaving directory '/home/ouxt/ouxt_automation/robotx_ws/src/testing/srt_bridge/build/srt_vendor/srt_vendor-prefix/src/srt_vendor-build/CMakeFiles/CMakeTmp'


File /home/ouxt/ouxt_automation/robotx_ws/src/testing/srt_bridge/build/srt_vendor/srt_vendor-prefix/src/srt_vendor-build/CMakeFiles/CMakeTmp/CheckSymbolExists.c:
/* */
#include <pthread_np.h>

int main(int argc, char** argv)
{
  (void)argv;
#ifndef pthread_getname_np
  return ((int*)(&pthread_getname_np))[argc];
#else
  (void)argc;
  return 0;
#endif
}
Determining if the pthread_setname_np exist failed with the following output:
Change Dir: /home/ouxt/ouxt_automation/robotx_ws/src/testing/srt_bridge/build/srt_vendor/srt_vendor-prefix/src/srt_vendor-build/CMakeFiles/CMakeTmp

Run Build Command(s):/usr/bin/gmake -f Makefile cmTC_dc46f/fast && gmake[3]: Entering directory '/home/ouxt/ouxt_automation/robotx_ws/src/testing/srt_bridge/build/srt_vendor/srt_vendor-prefix/src/srt_vendor-build/CMakeFiles/CMakeTmp'
/usr/bin/gmake  -f CMakeFiles/cmTC_dc46f.dir/build.make CMakeFiles/cmTC_dc46f.dir/build
gmake[4]: Entering directory '/home/ouxt/ouxt_automation/robotx_ws/src/testing/srt_bridge/build/srt_vendor/srt_vendor-prefix/src/srt_vendor-build/CMakeFiles/CMakeTmp'
Building C object CMakeFiles/cmTC_dc46f.dir/CheckSymbolExists.c.o
/usr/lib/ccache/gcc -D_DARWIN_C_SOURCE -D_GNU_SOURCE -D_POSIX_SOURCE=1  -pthread -o CMakeFiles/cmTC_dc46f.dir/CheckSymbolExists.c.o -c /home/ouxt/ouxt_automation/robotx_ws/src/testing/srt_bridge/build/srt_vendor/srt_vendor-prefix/src/srt_vendor-build/CMakeFiles/CMakeTmp/CheckSymbolExists.c
/home/ouxt/ouxt_automation/robotx_ws/src/testing/srt_bridge/build/srt_vendor/srt_vendor-prefix/src/srt_vendor-build/CMakeFiles/CMakeTmp/CheckSymbolExists.c:2:10: fatal error: pthread_np.h: No such file or directory
    2 | #include <pthread_np.h>
      |          ^~~~~~~~~~~~~~
compilation terminated.
gmake[4]: *** [CMakeFiles/cmTC_dc46f.dir/build.make:78: CMakeFiles/cmTC_dc46f.dir/CheckSymbolExists.c.o] Error 1
gmake[4]: Leaving directory '/home/ouxt/ouxt_automation/robotx_ws/src/testing/srt_bridge/build/srt_vendor/srt_vendor-prefix/src/srt_vendor-build/CMakeFiles/CMakeTmp'
gmake[3]: *** [Makefile:127: cmTC_dc46f/fast] Error 2
gmake[3]: Leaving directory '/home/ouxt/ouxt_automation/robotx_ws/src/testing/srt_bridge/build/srt_vendor/srt_vendor-prefix/src/srt_vendor-build/CMakeFiles/CMakeTmp'


File /home/ouxt/ouxt_automation/robotx_ws/src/testing/srt_bridge/build/srt_vendor/srt_vendor-prefix/src/srt_vendor-build/CMakeFiles/CMakeTmp/CheckSymbolExists.c:
/* */
#include <pthread_np.h>

int main(int argc, char** argv)
{
  (void)argv;
#ifndef pthread_setname_np
  return ((int*)(&pthread_setname_np))[argc];
#else
  (void)argc;
  return 0;
#endif
}
Determining if the pthread_getname_np exist failed with the following output:
Change Dir: /home/ouxt/ouxt_automation/robotx_ws/src/testing/srt_bridge/build/srt_vendor/srt_vendor-prefix/src/srt_vendor-build/CMakeFiles/CMakeTmp

Run Build Command(s):/usr/bin/gmake -f Makefile cmTC_eaef1/fast && gmake[3]: Entering directory '/home/ouxt/ouxt_automation/robotx_ws/src/testing/srt_bridge/build/srt_vendor/srt_vendor-prefix/src/srt_vendor-build/CMakeFiles/CMakeTmp'
/usr/bin/gmake  -f CMakeFiles/cmTC_eaef1.dir/build.make CMakeFiles/cmTC_eaef1.dir/build
gmake[4]: Entering directory '/home/ouxt/ouxt_automation/robotx_ws/src/testing/srt_bridge/build/srt_vendor/srt_vendor-prefix/src/srt_vendor-build/CMakeFiles/CMakeTmp'
Building C object CMakeFiles/cmTC_eaef1.dir/CheckSymbolExists.c.o
/usr/lib/ccache/gcc -D_DARWIN_C_SOURCE -D_GNU_SOURCE -D_POSIX_SOURCE=1  -pthread -o CMakeFiles/cmTC_eaef1.dir/CheckSymbolExists.c.o -c /home/ouxt/ouxt_automation/robotx_ws/src/testing/srt_bridge/build/srt_vendor/srt_vendor-prefix/src/srt_vendor-build/CMakeFiles/CMakeTmp/CheckSymbolExists.c
/home/ouxt/ouxt_automation/robotx_ws/src/testing/srt_bridge/build/srt_vendor/srt_vendor-prefix/src/srt_vendor-build/CMakeFiles/CMakeTmp/CheckSymbolExists.c:2:10: fatal error: pthread_np.h: No such file or directory
    2 | #include <pthread_np.h>
      |          ^~~~~~~~~~~~~~
compilation terminated.
gmake[4]: *** [CMakeFiles/cmTC_eaef1.dir/build.make:78: CMakeFiles/cmTC_eaef1.dir/CheckSymbolExists.c.o] Error 1
gmake[4]: Leaving directory '/home/ouxt/ouxt_automation/robotx_ws/src/testing/srt_bridge/build/srt_vendor/srt_vendor-prefix/src/srt_vendor-build/CMakeFiles/CMakeTmp'
gmake[3]: *** [Makefile:127: cmTC_eaef1/fast] Error 2
gmake[3]: Leaving directory '/home/ouxt/ouxt_automation/robotx_ws/src/testing/srt_bridge/build/srt_vendor/srt_vendor-prefix/src/srt_vendor-build/CMakeFiles/CMakeTmp'


File /home/ouxt/ouxt_automation/robotx_ws/src/testing/srt_bridge/build/srt_vendor/srt_vendor-prefix/src/srt_vendor-build/CMakeFiles/CMakeTmp/CheckSymbolExists.c:
/* */
#include <pthread_np.h>

int main(int argc, char** argv)
{
  (void)argv;
#ifndef pthread_getname_np
  return ((int*)(&pthread_getname_np))[argc];
#else
  (void)argc;
  return 0;
#endif
}
Determining if the pthread_setname_np exist failed with the following output:
Change Dir: /home/ouxt/ouxt_automation/robotx_ws/src/testing/srt_bridge/build/srt_vendor/srt_vendor-prefix/src/srt_vendor-build/CMakeFiles/CMakeTmp

Run Build Command(s):/usr/bin/gmake -f Makefile cmTC_8d5f3/fast && gmake[3]: Entering directory '/home/ouxt/ouxt_automation/robotx_ws/src/testing/srt_bridge/build/srt_vendor/srt_vendor-prefix/src/srt_vendor-build/CMakeFiles/CMakeTmp'
/usr/bin/gmake  -f CMakeFiles/cmTC_8d5f3.dir/build.make CMakeFiles/cmTC_8d5f3.dir/build
gmake[4]: Entering directory '/home/ouxt/ouxt_automation/robotx_ws/src/testing/srt_bridge/build/srt_vendor/srt_vendor-prefix/src/srt_vendor-build/CMakeFiles/CMakeTmp'
Building C object CMakeFiles/cmTC_8d5f3.dir/CheckSymbolExists.c.o
/usr/lib/ccache/gcc -D_DARWIN_C_SOURCE -D_GNU_SOURCE -D_POSIX_SOURCE=1  -pthread -o CMakeFiles/cmTC_8d5f3.dir/CheckSymbolExists.c.o -c /home/ouxt/ouxt_automation/robotx_ws/src/testing/srt_bridge/build/srt_vendor/srt_vendor-prefix/src/srt_vendor-build/CMakeFiles/CMakeTmp/CheckSymbolExists.c
/home/ouxt/ouxt_automation/robotx_ws/src/testing/srt_bridge/build/srt_vendor/srt_vendor-prefix/src/srt_vendor-build/CMakeFiles/CMakeTmp/CheckSymbolExists.c:2:10: fatal error: pthread_np.h: No such file or directory
    2 | #include <pthread_np.h>
      |          ^~~~~~~~~~~~~~
compilation terminated.
gmake[4]: *** [CMakeFiles/cmTC_8d5f3.dir/build.make:78: CMakeFiles/cmTC_8d5f3.dir/CheckSymbolExists.c.o] Error 1
gmake[4]: Leaving directory '/home/ouxt/ouxt_automation/robotx_ws/src/testing/srt_bridge/build/srt_vendor/srt_vendor-prefix/src/srt_vendor-build/CMakeFiles/CMakeTmp'
gmake[3]: *** [Makefile:127: cmTC_8d5f3/fast] Error 2
gmake[3]: Leaving directory '/home/ouxt/ouxt_automation/robotx_ws/src/testing/srt_bridge/build/srt_vendor/srt_vendor-prefix/src/srt_vendor-build/CMakeFiles/CMakeTmp'


File /home/ouxt/ouxt_automation/robotx_ws/src/testing/srt_bridge/build/srt_vendor/srt_vendor-prefix/src/srt_vendor-build/CMakeFiles/CMakeTmp/CheckSymbolExists.c:
/* */
#include <pthread_np.h>

int main(int argc, char** argv)
{
  (void)argv;
#ifndef pthread_setname_np
  return ((int*)(&pthread_setname_np))[argc];
#else
  (void)argc;
  return 0;
#endif
}
